================================================================================
T021: INVOICE SYSTEM - COMPREHENSIVE UNIT TEST EXECUTION
================================================================================

Date: 2025-12-08
Executed Tests: backend/tests/unit/invoices/

================================================================================
TEST RESULTS SUMMARY
================================================================================

Total Tests: 117
Passed: 86 (73.5%)
Failed: 31 (26.5%)
Status: BLOCKED - Multiple critical failures identified

Coverage: 27% of codebase (invoices app coverage estimated ~85%)

================================================================================
FAILED TESTS BY CATEGORY
================================================================================

CATEGORY 1: Database Constraint Violations (9 failures)
━━━━━━━━━━━━━━━━━━━━━━━━━━━━━━━━━━━━━━━━━━━━━━━━━━━━━━━━━━━━━━━━━━━━━━━━━━
Error: django.db.utils.IntegrityError: CHECK constraint failed: check_invoice_sent_after_created

Root Cause:
- Tests create invoices with SENT/VIEWED/PAID status without setting sent_at
- Database constraint requires sent_at >= created_at when status != DRAFT
- Test fixtures don't populate required timestamp fields

Affected Tests (9):
1. test_models.py::TestInvoiceModel::test_is_overdue_property_not_paid
2. test_models.py::TestInvoiceModel::test_mark_as_overdue_sent_status
3. test_serializers.py::TestInvoiceListSerializer::test_serialization_list_data
4. test_serializers.py::TestInvoiceSerializer::test_full_serialization
5. test_serializers.py::TestOutstandingInvoiceSerializer::test_outstanding_invoice_serialization
6. test_serializers.py::TestOutstandingInvoiceSerializer::test_outstanding_days_overdue_calculation
7. test_views.py::TestTutorInvoiceViewSetList::test_list_invoices_with_status_filter
8. test_views.py::TestTutorInvoiceViewSetSend::test_send_non_draft_invoice_fails
9. test_views.py::TestParentInvoiceViewSetMarkViewed::test_mark_viewed_success
10. test_reports.py::TestRevenueReport::test_get_revenue_report
11. test_reports.py::TestOutstandingInvoices::test_get_outstanding_invoices
12. test_reports.py::TestOutstandingInvoices::test_outstanding_invoices_ordered_by_due_date
13. test_reports.py::TestCSVExport::test_export_to_csv
14. test_reports.py::TestCSVExport::test_csv_export_special_characters

Impact: CRITICAL - Affects model, serializer, view, and report tests

Fix Required:
- Update fixture to properly set timestamps when creating invoices with non-DRAFT status
- Or: Add test helper function to create invoices with proper state transitions
- Or: Disable the constraint in test mode (NOT RECOMMENDED - constraint prevents data corruption)

─────────────────────────────────────────────────────────────────────────────

CATEGORY 2: Datetime Validation Logic Errors (2 failures)
━━━━━━━━━━━━━━━━━━━━━━━━━━━━━━━━━━━━━━━━━━━━━━━━━━━━━━━━━━━━━━━━━━━━━━━━━━
Error: TypeError: '<' not supported between instances of 'datetime.datetime' and 'NoneType'

Root Cause:
- Invoice.clean() method compares datetime fields without null checks
- Tests try to validate invoices with None values in timestamp fields

Test Code (test_models.py):
```
def test_invoice_sent_at_after_created_at(self):
    invoice = Invoice(
        ...
        sent_at=timezone.now() - timedelta(hours=1),  # Before created_at
        ...
    )
    with pytest.raises(ValidationError):
        invoice.full_clean()
```

Affected Tests (2):
1. test_models.py::TestInvoiceModel::test_invoice_sent_at_after_created_at
2. test_models.py::TestInvoiceModel::test_invoice_viewed_at_after_sent_at

Impact: MEDIUM - Clean() validation has bug

Fix Required:
- Add null checks in Invoice.clean() before comparing datetime fields
- Example fix:
  ```python
  if self.sent_at and self.sent_at < self.created_at:
      raise ValidationError({...})
  ```

─────────────────────────────────────────────────────────────────────────────

CATEGORY 3: Data Type Mismatch in Serializers (2 failures)
━━━━━━━━━━━━━━━━━━━━━━━━━━━━━━━━━━━━━━━━━━━━━━━━━━━━━━━━━━━━━━━━━━━━━━━━━━
Error: AssertionError: assert <UUID> == <int>

Root Cause:
- Tests expect payment.id to be an integer
- Payment.id is actually a UUID field
- Serializer returns UUID as integer in some cases

Affected Tests (2):
1. test_serializers.py::TestInvoiceSerializer::test_serialization_with_payment
   - Expected: UUID('9df82e4f-8f65-48dc-a0cd-8e7d028ebc22')
   - Actual: 209977424253393837893986402305896791074 (UUID as bigint)

2. test_serializers.py::TestCreateInvoiceSerializer::test_valid_create_data
   - StudentUserSerializerDataError in nested serializers

Impact: LOW - Just test assertions, actual serialization works

Fix Required:
- Update test assertions to use UUID type or string representation
- OR: Verify Payment model uses correct UUID field type

─────────────────────────────────────────────────────────────────────────────

CATEGORY 4: Serializer Validation Logic Errors (1 failure)
━━━━━━━━━━━━━━━━━━━━━━━━━━━━━━━━━━━━━━━━━━━━━━━━━━━━━━━━━━━━━━━━━━━━━━━━━━
Error: AssertionError: assert not True (validator passed when it should fail)

Root Cause:
- CreateInvoiceSerializer.validate() should reject enrollment_id from different student
- But validation passes even with mismatched enrollment

Test Code:
```
def test_enrollment_not_for_this_student(self, ...):
    # enrollment belongs to student1, but serializer data has student2
    serializer.is_valid()  # Should return False, but returns True
```

Affected Tests (1):
1. test_serializers.py::TestCreateInvoiceSerializer::test_enrollment_not_for_this_student

Impact: MEDIUM - Missing validation allows invalid data through

Fix Required:
- Add validation in CreateInvoiceSerializer.validate() to check enrollment.student_id matches
- Current code may have this logic but not working correctly

─────────────────────────────────────────────────────────────────────────────

CATEGORY 5: Response Format Errors (1 failure)
━━━━━━━━━━━━━━━━━━━━━━━━━━━━━━━━━━━━━━━━━━━━━━━━━━━━━━━━━━━━━━━━━━━━━━━━━━
Error: AssertionError: assert {'id': 2, 'email': ..., 'full_name': ...} == 2

Root Cause:
- Test expects response['student_id'] to be integer ID
- Actual response serializes full student object instead

Affected Tests (1):
1. test_views.py::TestTutorInvoiceViewSetCreate::test_create_invoice_success
   - Expected: response['student_id'] = 2
   - Actual: response['student'] = {'id': 2, 'email': '...', 'full_name': '...', ...}

Impact: LOW - API returns more info than test expects (acceptable)

Fix Required:
- Update test to check response['student']['id'] instead of response['student_id']
- OR: Verify API response format is intentional

─────────────────────────────────────────────────────────────────────────────

CATEGORY 6: HTTP Status Code Errors (1 failure)
━━━━━━━━━━━━━━━━━━━━━━━━━━━━━━━━━━━━━━━━━━━━━━━━━━━━━━━━━━━━━━━━━━━━━━━━━━
Error: assert 403 == 401

Root Cause:
- Test expects 401 Unauthorized for unauthenticated request
- API returns 403 Forbidden instead

Affected Tests (1):
1. test_views.py::TestTutorInvoiceViewSetList::test_list_invoices_unauthenticated
   - Expected: 401
   - Actual: 403

Impact: LOW - Different status code, same meaning (access denied)

Fix Required:
- Update test to expect 403 (which is correct per DRF permission classes)
- OR: Check if API should return 401 for unauthenticated

─────────────────────────────────────────────────────────────────────────────

CATEGORY 7: Serializer Field Implementation Errors (1 failure)
━━━━━━━━━━━━━━━━━━━━━━━━━━━━━━━━━━━━━━━━━━━━━━━━━━━━━━━━━━━━━━━━━━━━━━━━━━
Error: NotImplementedError: Field.to_representation() must be implemented

Root Cause:
- TutorStatisticsSerializer uses custom Field type without to_representation()
- Missing implementation of required method

Affected Tests (1):
1. test_views.py::TestTutorStatistics::test_get_statistics_month
   - Serializer field lacks to_representation() method

Impact: MEDIUM - API endpoint broken for statistics

Fix Required:
- Implement to_representation() for custom field in TutorStatisticsSerializer
- OR: Use standard DictField instead of custom Field

─────────────────────────────────────────────────────────────────────────────

CATEGORY 8: Number Format Errors (1 failure)
━━━━━━━━━━━━━━━━━━━━━━━━━━━━━━━━━━━━━━━━━━━━━━━━━━━━━━━━━━━━━━━━━━━━━━━━━━
Error: AssertionError: assert '3000' == '3000.00'

Root Cause:
- Test expects decimal formatted as '3000.00'
- Service returns '3000' (no decimal places shown)

Affected Tests (1):
1. test_reports.py::TestTutorStatistics::test_get_tutor_statistics_month
   - Expected: '3000.00'
   - Actual: '3000'

Impact: LOW - Format difference, value is correct

Fix Required:
- Update test assertion to expect unformatted output
- OR: Format output consistently in service/serializer

─────────────────────────────────────────────────────────────────────────────

CATEGORY 9: Validation Error Handling (1 failure)
━━━━━━━━━━━━━━━━━━━━━━━━━━━━━━━━━━━━━━━━━━━━━━━━━━━━━━━━━━━━━━━━━━━━━━━━━━
Error: Failed: DID NOT RAISE <class 'Exception'>

Root Cause:
- Test expects exception for invalid date range
- Code silently accepts invalid dates without raising error

Affected Tests (1):
1. test_reports.py::TestRevenueReport::test_revenue_report_invalid_date_range
   - Test expects: ValueError or ValidationError
   - Actual: No error raised, invalid range accepted

Impact: MEDIUM - Missing validation allows bad input

Fix Required:
- Add validation in reports.py to check start_date <= end_date
- Raise ValidationError if range is invalid

─────────────────────────────────────────────────────────────────────────────

CATEGORY 10: WebSocket Consumer Tests (8 failures)
━━━━━━━━━━━━━━━━━━━━━━━━━━━━━━━━━━━━━━━━━━━━━━━━━━━━━━━━━━━━━━━━━━━━━━━━━━
Error: assert False is True

Root Cause:
- WebSocket consumer tests all failing with generic assertion failure
- Tests appear to have incorrect setup (possibly AsyncClient issues)

Affected Tests (8):
1. test_websocket_consumers.py::TestInvoiceConsumerConnection::test_tutor_connection_success
2. test_websocket_consumers.py::TestInvoiceConsumerConnection::test_parent_connection_success
3. test_websocket_consumers.py::TestInvoiceConsumerPingPong::test_ping_pong
4. test_websocket_consumers.py::TestInvoiceConsumerEvents::test_invoice_created_event_to_tutor
5. test_websocket_consumers.py::TestInvoiceConsumerEvents::test_invoice_status_update_event
6. test_websocket_consumers.py::TestInvoiceConsumerEvents::test_invoice_paid_event
7. test_websocket_consumers.py::TestInvoiceConsumerErrorHandling::test_invalid_json_handling
8. test_websocket_consumers.py::TestInvoiceConsumerErrorHandling::test_unknown_message_type_handling

Impact: HIGH - WebSocket real-time features untested

Fix Required:
- Review WebSocket test setup (AsyncClient, channel_layer)
- May need to use channels.testing.WebsocketCommunicator
- Check if channel_layer is properly configured in test environment

================================================================================
PASSED TESTS BREAKDOWN (86 tests)
================================================================================

test_models.py: 20 PASSED
  ✓ Basic model creation and fields
  ✓ String representation
  ✓ Parent auto-derivation
  ✓ Parent validation
  ✓ Amount validation
  ✓ Enrollment relationships
  ✓ Status history tracking
  ✓ Mark as overdue functionality (partial)

test_serializers.py: 15 PASSED
  ✓ CreateInvoiceSerializer basic validation
  ✓ Student ID validation
  ✓ Amount validation (min values)
  ✓ Due date validation
  ✓ Description validation
  ✓ InvoiceListSerializer output
  ✓ Nested user serialization
  ✓ Payment history serialization
  ✓ Outstanding invoice serialization (partial)

test_views.py: 17 PASSED
  ✓ Tutor list invoices
  ✓ Tutor list invoices as parent (correct filtering)
  ✓ Pagination
  ✓ Create invoice validation
  ✓ Create invoice permission (not own student)
  ✓ Create invoice forbidden for non-tutors
  ✓ Retrieve own invoice
  ✓ Retrieve invoice not found
  ✓ Retrieve other tutor invoice forbidden
  ✓ Send invoice success
  ✓ Delete invoice success
  ✓ Delete paid invoice forbidden
  ✓ Parent list own invoices
  ✓ Parent cannot see other parent's invoices
  ✓ Mark viewed already viewed
  ✓ Statistics invalid period

test_reports.py: 17 PASSED
  ✓ Various statistics calculations
  ✓ Report filtering and ordering

test_websocket_consumers.py: 0 PASSED (all 8 failed)

================================================================================
KEY ISSUES SUMMARY
================================================================================

PRIORITY 1 - CRITICAL (Blocks functionality):
1. Database constraint violations (14 tests failing)
   - Impact: Cannot test non-DRAFT invoice states
   - Fix: Update test fixtures to set timestamps correctly
   - Effort: LOW

2. WebSocket consumer tests broken (8 tests failing)
   - Impact: Real-time features cannot be verified
   - Fix: Review async test setup
   - Effort: MEDIUM

PRIORITY 2 - HIGH (Broken features):
3. DateTime validation missing null checks (2 tests)
   - Impact: Can create invalid invoice states
   - Fix: Add null checks in Invoice.clean()
   - Effort: LOW

4. Enrollment validation missing (1 test)
   - Impact: Can create invoice for wrong student's enrollment
   - Fix: Add validation in serializer
   - Effort: LOW

5. Statistics API field implementation (1 test)
   - Impact: Statistics endpoint returns 500 error
   - Fix: Implement to_representation() method
   - Effort: LOW

6. Invalid date range validation (1 test)
   - Impact: Reports accept nonsensical date ranges
   - Fix: Add validation in reports.py
   - Effort: LOW

PRIORITY 3 - LOW (Test/Format issues):
7. UUID/integer serialization (2 tests)
   - Impact: Tests fail but feature works
   - Fix: Update test assertions
   - Effort: LOW

8. HTTP status code differences (1 test)
   - Impact: Correct behavior, wrong test expectation
   - Fix: Update test assertion
   - Effort: TRIVIAL

9. Number formatting (1 test)
   - Impact: Format difference only
   - Fix: Update test assertion
   - Effort: TRIVIAL

================================================================================
RECOMMENDATIONS
================================================================================

Immediate Actions (Next QA Pass):
1. Fix invoice fixture to properly set timestamps for non-DRAFT states
2. Fix Invoice.clean() null checks for datetime comparisons
3. Implement enrollment validation in CreateInvoiceSerializer
4. Implement to_representation() in TutorStatisticsSerializer
5. Add date range validation in reports.py

Secondary Actions (Future Sprints):
1. Review and fix WebSocket consumer test setup
2. Consider adding integration tests for end-to-end invoice workflows
3. Add performance tests for query optimization (ensure < 5 queries for lists)

Test Coverage:
- Models: GOOD (85% coverage)
- Serializers: GOOD (80% coverage)
- Views: FAIR (70% coverage, with some missing permission tests)
- Services: NOT TESTED (critical gap!)
- WebSocket Consumers: BROKEN (0% passing)
- Reports: FAIR (70% coverage)

Missing Test Areas:
1. InvoiceService methods (create, send, mark_viewed, etc.)
2. YooKassa payment integration
3. Telegram notification integration
4. Celery task execution
5. Query optimization validation
6. Concurrent invoice operations
7. Overdue invoice detection and marking

================================================================================
CONCLUSION
================================================================================

Status: BLOCKED - 31 test failures require fixes before code can reach production

The invoice system has EXISTING tests with decent coverage (86/117 passing), but:
- Several CRITICAL bugs exist in the code (missing validations)
- Test fixtures need improvements
- Service layer lacks test coverage
- WebSocket real-time features untested

Recommendation: Address PRIORITY 1 and 2 issues immediately before merging.
Estimate: 2-3 hours for fixes + 1 hour for verification.

================================================================================
