<?xml version="1.0" encoding="utf-8"?><testsuites name="pytest tests"><testsuite name="pytest" errors="857" failures="0" skipped="14" tests="929" time="21.798" timestamp="2026-01-02T16:53:43.118692+00:00" hostname="cachyos"><testcase classname="tests.unit.chat.test_admin_chat_service.TestAdminChatServiceGetAllRooms" name="test_get_all_rooms_empty" time="0.156"><error message="failed on setup with &quot;TypeError: CheckConstraint.__init__() got an unexpected keyword argument 'condition'&quot;">E   TypeError: CheckConstraint.__init__() got an unexpected keyword argument 'condition'</error></testcase><testcase classname="tests.unit.chat.test_admin_chat_service.TestAdminChatServiceGetAllRooms" name="test_get_all_rooms_single_room" time="0.001"><error message="failed on setup with &quot;TypeError: CheckConstraint.__init__() got an unexpected keyword argument 'condition'&quot;">E   TypeError: CheckConstraint.__init__() got an unexpected keyword argument 'condition'</error></testcase><testcase classname="tests.unit.chat.test_admin_chat_service.TestAdminChatServiceGetAllRooms" name="test_get_all_rooms_multiple_types" time="0.002"><error message="failed on setup with &quot;TypeError: CheckConstraint.__init__() got an unexpected keyword argument 'condition'&quot;">E   TypeError: CheckConstraint.__init__() got an unexpected keyword argument 'condition'</error></testcase><testcase classname="tests.unit.chat.test_admin_chat_service.TestAdminChatServiceGetAllRooms" name="test_get_all_rooms_ordering_by_updated_at" time="0.001"><error message="failed on setup with &quot;TypeError: CheckConstraint.__init__() got an unexpected keyword argument 'condition'&quot;">E   TypeError: CheckConstraint.__init__() got an unexpected keyword argument 'condition'</error></testcase><testcase classname="tests.unit.chat.test_admin_chat_service.TestAdminChatServiceGetAllRooms" name="test_get_all_rooms_includes_participants" time="0.001"><error message="failed on setup with &quot;TypeError: CheckConstraint.__init__() got an unexpected keyword argument 'condition'&quot;">E   TypeError: CheckConstraint.__init__() got an unexpected keyword argument 'condition'</error></testcase><testcase classname="tests.unit.chat.test_admin_chat_service.TestAdminChatServiceGetAllRooms" name="test_get_all_rooms_includes_counts" time="0.001"><error message="failed on setup with &quot;TypeError: CheckConstraint.__init__() got an unexpected keyword argument 'condition'&quot;">E   TypeError: CheckConstraint.__init__() got an unexpected keyword argument 'condition'</error></testcase><testcase classname="tests.unit.chat.test_admin_chat_service.TestAdminChatServiceGetAllRooms" name="test_get_all_rooms_includes_created_by" time="0.001"><error message="failed on setup with &quot;TypeError: CheckConstraint.__init__() got an unexpected keyword argument 'condition'&quot;">E   TypeError: CheckConstraint.__init__() got an unexpected keyword argument 'condition'</error></testcase><testcase classname="tests.unit.chat.test_admin_chat_service.TestAdminChatServiceGetRoomMessages" name="test_get_room_messages_empty" time="0.002"><error message="failed on setup with &quot;TypeError: CheckConstraint.__init__() got an unexpected keyword argument 'condition'&quot;">E   TypeError: CheckConstraint.__init__() got an unexpected keyword argument 'condition'</error></testcase><testcase classname="tests.unit.chat.test_admin_chat_service.TestAdminChatServiceGetRoomMessages" name="test_get_room_messages_single_message" time="0.002"><error message="failed on setup with &quot;TypeError: CheckConstraint.__init__() got an unexpected keyword argument 'condition'&quot;">E   TypeError: CheckConstraint.__init__() got an unexpected keyword argument 'condition'</error></testcase><testcase classname="tests.unit.chat.test_admin_chat_service.TestAdminChatServiceGetRoomMessages" name="test_get_room_messages_multiple_messages" time="0.002"><error message="failed on setup with &quot;TypeError: CheckConstraint.__init__() got an unexpected keyword argument 'condition'&quot;">E   TypeError: CheckConstraint.__init__() got an unexpected keyword argument 'condition'</error></testcase><testcase classname="tests.unit.chat.test_admin_chat_service.TestAdminChatServiceGetRoomMessages" name="test_get_room_messages_ordering" time="0.001"><error message="failed on setup with &quot;TypeError: CheckConstraint.__init__() got an unexpected keyword argument 'condition'&quot;">E   TypeError: CheckConstraint.__init__() got an unexpected keyword argument 'condition'</error></testcase><testcase classname="tests.unit.chat.test_admin_chat_service.TestAdminChatServiceGetRoomMessages" name="test_get_room_messages_with_limit" time="0.001"><error message="failed on setup with &quot;TypeError: CheckConstraint.__init__() got an unexpected keyword argument 'condition'&quot;">E   TypeError: CheckConstraint.__init__() got an unexpected keyword argument 'condition'</error></testcase><testcase classname="tests.unit.chat.test_admin_chat_service.TestAdminChatServiceGetRoomMessages" name="test_get_room_messages_with_offset" time="0.001"><error message="failed on setup with &quot;TypeError: CheckConstraint.__init__() got an unexpected keyword argument 'condition'&quot;">E   TypeError: CheckConstraint.__init__() got an unexpected keyword argument 'condition'</error></testcase><testcase classname="tests.unit.chat.test_admin_chat_service.TestAdminChatServiceGetRoomMessages" name="test_get_room_messages_limit_and_offset" time="0.001"><error message="failed on setup with &quot;TypeError: CheckConstraint.__init__() got an unexpected keyword argument 'condition'&quot;">E   TypeError: CheckConstraint.__init__() got an unexpected keyword argument 'condition'</error></testcase><testcase classname="tests.unit.chat.test_admin_chat_service.TestAdminChatServiceGetRoomMessages" name="test_get_room_messages_nonexistent_room_raises" time="0.001"><error message="failed on setup with &quot;TypeError: CheckConstraint.__init__() got an unexpected keyword argument 'condition'&quot;">E   TypeError: CheckConstraint.__init__() got an unexpected keyword argument 'condition'</error></testcase><testcase classname="tests.unit.chat.test_admin_chat_service.TestAdminChatServiceGetRoomMessages" name="test_get_room_messages_includes_sender" time="0.001"><error message="failed on setup with &quot;TypeError: CheckConstraint.__init__() got an unexpected keyword argument 'condition'&quot;">E   TypeError: CheckConstraint.__init__() got an unexpected keyword argument 'condition'</error></testcase><testcase classname="tests.unit.chat.test_admin_chat_service.TestAdminChatServiceGetRoomById" name="test_get_room_by_id_exists" time="0.001"><error message="failed on setup with &quot;TypeError: CheckConstraint.__init__() got an unexpected keyword argument 'condition'&quot;">E   TypeError: CheckConstraint.__init__() got an unexpected keyword argument 'condition'</error></testcase><testcase classname="tests.unit.chat.test_admin_chat_service.TestAdminChatServiceGetRoomById" name="test_get_room_by_id_nonexistent" time="0.001"><error message="failed on setup with &quot;TypeError: CheckConstraint.__init__() got an unexpected keyword argument 'condition'&quot;">E   TypeError: CheckConstraint.__init__() got an unexpected keyword argument 'condition'</error></testcase><testcase classname="tests.unit.chat.test_admin_chat_service.TestAdminChatServiceGetRoomById" name="test_get_room_by_id_includes_annotations" time="0.001"><error message="failed on setup with &quot;TypeError: CheckConstraint.__init__() got an unexpected keyword argument 'condition'&quot;">E   TypeError: CheckConstraint.__init__() got an unexpected keyword argument 'condition'</error></testcase><testcase classname="tests.unit.chat.test_admin_chat_service.TestAdminChatServiceGetChatStats" name="test_get_chat_stats_empty_database" time="0.002"><error message="failed on setup with &quot;TypeError: CheckConstraint.__init__() got an unexpected keyword argument 'condition'&quot;">E   TypeError: CheckConstraint.__init__() got an unexpected keyword argument 'condition'</error></testcase><testcase classname="tests.unit.chat.test_admin_chat_service.TestAdminChatServiceGetChatStats" name="test_get_chat_stats_with_rooms" time="0.001"><error message="failed on setup with &quot;TypeError: CheckConstraint.__init__() got an unexpected keyword argument 'condition'&quot;">E   TypeError: CheckConstraint.__init__() got an unexpected keyword argument 'condition'</error></testcase><testcase classname="tests.unit.chat.test_admin_chat_service.TestAdminChatServiceGetChatStats" name="test_get_chat_stats_counts_messages" time="0.002"><error message="failed on setup with &quot;TypeError: CheckConstraint.__init__() got an unexpected keyword argument 'condition'&quot;">E   TypeError: CheckConstraint.__init__() got an unexpected keyword argument 'condition'</error></testcase><testcase classname="tests.unit.chat.test_admin_chat_service.TestAdminChatServiceGetChatStats" name="test_get_chat_stats_inactive_rooms" time="0.001"><error message="failed on setup with &quot;TypeError: CheckConstraint.__init__() got an unexpected keyword argument 'condition'&quot;">E   TypeError: CheckConstraint.__init__() got an unexpected keyword argument 'condition'</error></testcase><testcase classname="tests.unit.chat.test_admin_chat_service.TestAdminChatServiceGetChatStats" name="test_get_chat_stats_forum_subject_rooms" time="0.001"><error message="failed on setup with &quot;TypeError: CheckConstraint.__init__() got an unexpected keyword argument 'condition'&quot;">E   TypeError: CheckConstraint.__init__() got an unexpected keyword argument 'condition'</error></testcase><testcase classname="tests.unit.chat.test_admin_chat_service.TestAdminChatServiceGetChatStats" name="test_get_chat_stats_returns_dict" time="0.001"><error message="failed on setup with &quot;TypeError: CheckConstraint.__init__() got an unexpected keyword argument 'condition'&quot;">E   TypeError: CheckConstraint.__init__() got an unexpected keyword argument 'condition'</error></testcase><testcase classname="tests.unit.chat.test_chat_participant_model.TestChatParticipantModel" name="test_add_single_participant" time="0.002"><error message="failed on setup with &quot;TypeError: CheckConstraint.__init__() got an unexpected keyword argument 'condition'&quot;">E   TypeError: CheckConstraint.__init__() got an unexpected keyword argument 'condition'</error></testcase><testcase classname="tests.unit.chat.test_chat_participant_model.TestChatParticipantModel" name="test_add_multiple_participants" time="0.001"><error message="failed on setup with &quot;TypeError: CheckConstraint.__init__() got an unexpected keyword argument 'condition'&quot;">E   TypeError: CheckConstraint.__init__() got an unexpected keyword argument 'condition'</error></testcase><testcase classname="tests.unit.chat.test_chat_participant_model.TestChatParticipantModel" name="test_remove_participant" time="0.001"><error message="failed on setup with &quot;TypeError: CheckConstraint.__init__() got an unexpected keyword argument 'condition'&quot;">E   TypeError: CheckConstraint.__init__() got an unexpected keyword argument 'condition'</error></testcase><testcase classname="tests.unit.chat.test_chat_participant_model.TestChatParticipantModel" name="test_clear_all_participants" time="0.002"><error message="failed on setup with &quot;TypeError: CheckConstraint.__init__() got an unexpected keyword argument 'condition'&quot;">E   TypeError: CheckConstraint.__init__() got an unexpected keyword argument 'condition'</error></testcase><testcase classname="tests.unit.chat.test_chat_participant_model.TestChatParticipantModel" name="test_user_in_multiple_rooms" time="0.001"><error message="failed on setup with &quot;TypeError: CheckConstraint.__init__() got an unexpected keyword argument 'condition'&quot;">E   TypeError: CheckConstraint.__init__() got an unexpected keyword argument 'condition'</error></testcase><testcase classname="tests.unit.chat.test_chat_participant_model.TestChatParticipantModel" name="test_participant_in_direct_chat" time="0.002"><error message="failed on setup with &quot;TypeError: CheckConstraint.__init__() got an unexpected keyword argument 'condition'&quot;">E   TypeError: CheckConstraint.__init__() got an unexpected keyword argument 'condition'</error></testcase><testcase classname="tests.unit.chat.test_chat_participant_model.TestChatParticipantModel" name="test_participant_exists_check" time="0.001"><error message="failed on setup with &quot;TypeError: CheckConstraint.__init__() got an unexpected keyword argument 'condition'&quot;">E   TypeError: CheckConstraint.__init__() got an unexpected keyword argument 'condition'</error></testcase><testcase classname="tests.unit.chat.test_chat_participant_model.TestChatParticipantModel" name="test_room_deleted_participants_removed" time="0.001"><error message="failed on setup with &quot;TypeError: CheckConstraint.__init__() got an unexpected keyword argument 'condition'&quot;">E   TypeError: CheckConstraint.__init__() got an unexpected keyword argument 'condition'</error></testcase><testcase classname="tests.unit.chat.test_chat_room_model.TestChatRoomModel" name="test_create_direct_chat" time="0.002"><error message="failed on setup with &quot;TypeError: CheckConstraint.__init__() got an unexpected keyword argument 'condition'&quot;">E   TypeError: CheckConstraint.__init__() got an unexpected keyword argument 'condition'</error></testcase><testcase classname="tests.unit.chat.test_chat_room_model.TestChatRoomModel" name="test_create_group_chat" time="0.002"><error message="failed on setup with &quot;TypeError: CheckConstraint.__init__() got an unexpected keyword argument 'condition'&quot;">E   TypeError: CheckConstraint.__init__() got an unexpected keyword argument 'condition'</error></testcase><testcase classname="tests.unit.chat.test_chat_room_model.TestChatRoomModel" name="test_create_support_chat" time="0.002"><error message="failed on setup with &quot;TypeError: CheckConstraint.__init__() got an unexpected keyword argument 'condition'&quot;">E   TypeError: CheckConstraint.__init__() got an unexpected keyword argument 'condition'</error></testcase><testcase classname="tests.unit.chat.test_chat_room_model.TestChatRoomModel" name="test_create_class_chat" time="0.001"><error message="failed on setup with &quot;TypeError: CheckConstraint.__init__() got an unexpected keyword argument 'condition'&quot;">E   TypeError: CheckConstraint.__init__() got an unexpected keyword argument 'condition'</error></testcase><testcase classname="tests.unit.chat.test_chat_room_model.TestChatRoomModel" name="test_create_general_forum" time="0.001"><error message="failed on setup with &quot;TypeError: CheckConstraint.__init__() got an unexpected keyword argument 'condition'&quot;">E   TypeError: CheckConstraint.__init__() got an unexpected keyword argument 'condition'</error></testcase><testcase classname="tests.unit.chat.test_chat_room_model.TestChatRoomModel" name="test_create_forum_subject" time="0.001"><error message="failed on setup with &quot;TypeError: CheckConstraint.__init__() got an unexpected keyword argument 'condition'&quot;">E   TypeError: CheckConstraint.__init__() got an unexpected keyword argument 'condition'</error></testcase><testcase classname="tests.unit.chat.test_chat_room_model.TestChatRoomModel" name="test_create_forum_tutor" time="0.002"><error message="failed on setup with &quot;TypeError: CheckConstraint.__init__() got an unexpected keyword argument 'condition'&quot;">E   TypeError: CheckConstraint.__init__() got an unexpected keyword argument 'condition'</error></testcase><testcase classname="tests.unit.chat.test_chat_room_model.TestChatRoomModel" name="test_chat_room_name" time="0.001"><error message="failed on setup with &quot;TypeError: CheckConstraint.__init__() got an unexpected keyword argument 'condition'&quot;">E   TypeError: CheckConstraint.__init__() got an unexpected keyword argument 'condition'</error></testcase><testcase classname="tests.unit.chat.test_chat_room_model.TestChatRoomModel" name="test_chat_room_description" time="0.001"><error message="failed on setup with &quot;TypeError: CheckConstraint.__init__() got an unexpected keyword argument 'condition'&quot;">E   TypeError: CheckConstraint.__init__() got an unexpected keyword argument 'condition'</error></testcase><testcase classname="tests.unit.chat.test_chat_room_model.TestChatRoomModel" name="test_chat_room_description_blank" time="0.001"><error message="failed on setup with &quot;TypeError: CheckConstraint.__init__() got an unexpected keyword argument 'condition'&quot;">E   TypeError: CheckConstraint.__init__() got an unexpected keyword argument 'condition'</error></testcase><testcase classname="tests.unit.chat.test_chat_room_model.TestChatRoomModel" name="test_add_participants" time="0.001"><error message="failed on setup with &quot;TypeError: CheckConstraint.__init__() got an unexpected keyword argument 'condition'&quot;">E   TypeError: CheckConstraint.__init__() got an unexpected keyword argument 'condition'</error></testcase><testcase classname="tests.unit.chat.test_chat_room_model.TestChatRoomModel" name="test_remove_participant" time="0.001"><error message="failed on setup with &quot;TypeError: CheckConstraint.__init__() got an unexpected keyword argument 'condition'&quot;">E   TypeError: CheckConstraint.__init__() got an unexpected keyword argument 'condition'</error></testcase><testcase classname="tests.unit.chat.test_chat_room_model.TestChatRoomModel" name="test_is_active_default_true" time="0.001"><error message="failed on setup with &quot;TypeError: CheckConstraint.__init__() got an unexpected keyword argument 'condition'&quot;">E   TypeError: CheckConstraint.__init__() got an unexpected keyword argument 'condition'</error></testcase><testcase classname="tests.unit.chat.test_chat_room_model.TestChatRoomModel" name="test_is_active_can_be_false" time="0.001"><error message="failed on setup with &quot;TypeError: CheckConstraint.__init__() got an unexpected keyword argument 'condition'&quot;">E   TypeError: CheckConstraint.__init__() got an unexpected keyword argument 'condition'</error></testcase><testcase classname="tests.unit.chat.test_chat_room_model.TestChatRoomModel" name="test_created_by_relationship" time="0.001"><error message="failed on setup with &quot;TypeError: CheckConstraint.__init__() got an unexpected keyword argument 'condition'&quot;">E   TypeError: CheckConstraint.__init__() got an unexpected keyword argument 'condition'</error></testcase><testcase classname="tests.unit.chat.test_chat_room_model.TestChatRoomModel" name="test_creator_deleted_cascade" time="0.003"><error message="failed on setup with &quot;TypeError: CheckConstraint.__init__() got an unexpected keyword argument 'condition'&quot;">E   TypeError: CheckConstraint.__init__() got an unexpected keyword argument 'condition'</error></testcase><testcase classname="tests.unit.chat.test_chat_room_model.TestChatRoomModel" name="test_enrollment_deleted_set_null" time="0.001"><error message="failed on setup with &quot;TypeError: CheckConstraint.__init__() got an unexpected keyword argument 'condition'&quot;">E   TypeError: CheckConstraint.__init__() got an unexpected keyword argument 'condition'</error></testcase><testcase classname="tests.unit.chat.test_chat_room_model.TestChatRoomModel" name="test_multiple_rooms_per_creator" time="0.001"><error message="failed on setup with &quot;TypeError: CheckConstraint.__init__() got an unexpected keyword argument 'condition'&quot;">E   TypeError: CheckConstraint.__init__() got an unexpected keyword argument 'condition'</error></testcase><testcase classname="tests.unit.chat.test_chat_room_model.TestChatRoomModel" name="test_participant_in_multiple_rooms" time="0.001"><error message="failed on setup with &quot;TypeError: CheckConstraint.__init__() got an unexpected keyword argument 'condition'&quot;">E   TypeError: CheckConstraint.__init__() got an unexpected keyword argument 'condition'</error></testcase><testcase classname="tests.unit.chat.test_chat_room_model.TestChatRoomModel" name="test_chat_room_str_representation" time="0.001"><error message="failed on setup with &quot;TypeError: CheckConstraint.__init__() got an unexpected keyword argument 'condition'&quot;">E   TypeError: CheckConstraint.__init__() got an unexpected keyword argument 'condition'</error></testcase><testcase classname="tests.unit.chat.test_chatroom_serializer.TestChatRoomListSerializer" name="test_serialize_basic_chatroom" time="0.001"><error message="failed on setup with &quot;TypeError: CheckConstraint.__init__() got an unexpected keyword argument 'condition'&quot;">E   TypeError: CheckConstraint.__init__() got an unexpected keyword argument 'condition'</error></testcase><testcase classname="tests.unit.chat.test_chatroom_serializer.TestChatRoomListSerializer" name="test_serialize_with_participants" time="0.001"><error message="failed on setup with &quot;TypeError: CheckConstraint.__init__() got an unexpected keyword argument 'condition'&quot;">E   TypeError: CheckConstraint.__init__() got an unexpected keyword argument 'condition'</error></testcase><testcase classname="tests.unit.chat.test_chatroom_serializer.TestChatRoomListSerializer" name="test_participants_count_with_annotation" time="0.001"><error message="failed on setup with &quot;TypeError: CheckConstraint.__init__() got an unexpected keyword argument 'condition'&quot;">E   TypeError: CheckConstraint.__init__() got an unexpected keyword argument 'condition'</error></testcase><testcase classname="tests.unit.chat.test_chatroom_serializer.TestChatRoomListSerializer" name="test_participants_count_fallback" time="0.001"><error message="failed on setup with &quot;TypeError: CheckConstraint.__init__() got an unexpected keyword argument 'condition'&quot;">E   TypeError: CheckConstraint.__init__() got an unexpected keyword argument 'condition'</error></testcase><testcase classname="tests.unit.chat.test_chatroom_serializer.TestChatRoomListSerializer" name="test_unread_count_with_annotation" time="0.001"><error message="failed on setup with &quot;TypeError: CheckConstraint.__init__() got an unexpected keyword argument 'condition'&quot;">E   TypeError: CheckConstraint.__init__() got an unexpected keyword argument 'condition'</error></testcase><testcase classname="tests.unit.chat.test_chatroom_serializer.TestChatRoomListSerializer" name="test_unread_count_fallback" time="0.001"><error message="failed on setup with &quot;TypeError: CheckConstraint.__init__() got an unexpected keyword argument 'condition'&quot;">E   TypeError: CheckConstraint.__init__() got an unexpected keyword argument 'condition'</error></testcase><testcase classname="tests.unit.chat.test_chatroom_serializer.TestChatRoomListSerializer" name="test_forum_subject_type_with_enrollment" time="0.001"><error message="failed on setup with &quot;TypeError: CheckConstraint.__init__() got an unexpected keyword argument 'condition'&quot;">E   TypeError: CheckConstraint.__init__() got an unexpected keyword argument 'condition'</error></testcase><testcase classname="tests.unit.chat.test_chatroom_serializer.TestChatRoomListSerializer" name="test_serialize_multiple_rooms" time="0.001"><error message="failed on setup with &quot;TypeError: CheckConstraint.__init__() got an unexpected keyword argument 'condition'&quot;">E   TypeError: CheckConstraint.__init__() got an unexpected keyword argument 'condition'</error></testcase><testcase classname="tests.unit.chat.test_chatroom_serializer.TestChatRoomListSerializer" name="test_created_at_included" time="0.001"><error message="failed on setup with &quot;TypeError: CheckConstraint.__init__() got an unexpected keyword argument 'condition'&quot;">E   TypeError: CheckConstraint.__init__() got an unexpected keyword argument 'condition'</error></testcase><testcase classname="tests.unit.chat.test_chatroom_serializer.TestChatRoomDetailSerializer" name="test_serialize_detail_view" time="0.001"><error message="failed on setup with &quot;TypeError: CheckConstraint.__init__() got an unexpected keyword argument 'condition'&quot;">E   TypeError: CheckConstraint.__init__() got an unexpected keyword argument 'condition'</error></testcase><testcase classname="tests.unit.chat.test_chatroom_serializer.TestChatRoomDetailSerializer" name="test_detail_includes_created_by" time="0.001"><error message="failed on setup with &quot;TypeError: CheckConstraint.__init__() got an unexpected keyword argument 'condition'&quot;">E   TypeError: CheckConstraint.__init__() got an unexpected keyword argument 'condition'</error></testcase><testcase classname="tests.unit.chat.test_chatroom_serializer.TestChatRoomDetailSerializer" name="test_detail_includes_messages" time="0.001"><error message="failed on setup with &quot;TypeError: CheckConstraint.__init__() got an unexpected keyword argument 'condition'&quot;">E   TypeError: CheckConstraint.__init__() got an unexpected keyword argument 'condition'</error></testcase><testcase classname="tests.unit.chat.test_chatroom_serializer.TestChatRoomCreateSerializer" name="test_create_chatroom_basic" time="0.001"><error message="failed on setup with &quot;TypeError: CheckConstraint.__init__() got an unexpected keyword argument 'condition'&quot;">E   TypeError: CheckConstraint.__init__() got an unexpected keyword argument 'condition'</error></testcase><testcase classname="tests.unit.chat.test_chatroom_serializer.TestChatRoomCreateSerializer" name="test_create_with_participants" time="0.001"><error message="failed on setup with &quot;TypeError: CheckConstraint.__init__() got an unexpected keyword argument 'condition'&quot;">E   TypeError: CheckConstraint.__init__() got an unexpected keyword argument 'condition'</error></testcase><testcase classname="tests.unit.chat.test_chatroom_serializer.TestChatRoomCreateSerializer" name="test_create_forum_subject_type" time="0.001"><error message="failed on setup with &quot;TypeError: CheckConstraint.__init__() got an unexpected keyword argument 'condition'&quot;">E   TypeError: CheckConstraint.__init__() got an unexpected keyword argument 'condition'</error></testcase><testcase classname="tests.unit.chat.test_chatroom_serializer.TestChatRoomCreateSerializer" name="test_create_requires_name" time="0.001"><error message="failed on setup with &quot;TypeError: CheckConstraint.__init__() got an unexpected keyword argument 'condition'&quot;">E   TypeError: CheckConstraint.__init__() got an unexpected keyword argument 'condition'</error></testcase><testcase classname="tests.unit.chat.test_chatroom_serializer.TestChatRoomCreateSerializer" name="test_create_inactive_room" time="0.001"><error message="failed on setup with &quot;TypeError: CheckConstraint.__init__() got an unexpected keyword argument 'condition'&quot;">E   TypeError: CheckConstraint.__init__() got an unexpected keyword argument 'condition'</error></testcase><testcase classname="tests.unit.chat.test_created_by_immutable.TestCreatedByImmutable" name="test_created_by_is_readonly_field" time="0.001"><error message="failed on setup with &quot;TypeError: CheckConstraint.__init__() got an unexpected keyword argument 'condition'&quot;">E   TypeError: CheckConstraint.__init__() got an unexpected keyword argument 'condition'</error></testcase><testcase classname="tests.unit.chat.test_created_by_immutable.TestCreatedByImmutable" name="test_created_by_not_in_writable_fields" time="0.002"><error message="failed on setup with &quot;TypeError: CheckConstraint.__init__() got an unexpected keyword argument 'condition'&quot;">E   TypeError: CheckConstraint.__init__() got an unexpected keyword argument 'condition'</error></testcase><testcase classname="tests.unit.chat.test_created_by_immutable.TestCreatedByImmutable" name="test_forum_chat_preserves_creator_on_reuse" time="0.001"><error message="failed on setup with &quot;TypeError: CheckConstraint.__init__() got an unexpected keyword argument 'condition'&quot;">E   TypeError: CheckConstraint.__init__() got an unexpected keyword argument 'condition'</error></testcase><testcase classname="tests.unit.chat.test_created_by_immutable.TestCreatedByImmutable" name="test_forum_chat_idempotent_creation" time="0.001"><error message="failed on setup with &quot;TypeError: CheckConstraint.__init__() got an unexpected keyword argument 'condition'&quot;">E   TypeError: CheckConstraint.__init__() got an unexpected keyword argument 'condition'</error></testcase><testcase classname="tests.unit.chat.test_created_by_immutable.TestCreatedByImmutable" name="test_created_by_removed_from_validated_data" time="0.001"><error message="failed on setup with &quot;TypeError: CheckConstraint.__init__() got an unexpected keyword argument 'condition'&quot;">E   TypeError: CheckConstraint.__init__() got an unexpected keyword argument 'condition'</error></testcase><testcase classname="tests.unit.chat.test_created_by_immutable.TestCreatedByImmutable" name="test_direct_chat_preserves_creator" time="0.002"><error message="failed on setup with &quot;TypeError: CheckConstraint.__init__() got an unexpected keyword argument 'condition'&quot;">E   TypeError: CheckConstraint.__init__() got an unexpected keyword argument 'condition'</error></testcase><testcase classname="tests.unit.chat.test_deduplication_a7_fix.TestMessageDeduplication" name="test_optimistic_message_replaced_correctly" time="0.001"><error message="failed on setup with &quot;TypeError: CheckConstraint.__init__() got an unexpected keyword argument 'condition'&quot;">E   TypeError: CheckConstraint.__init__() got an unexpected keyword argument 'condition'</error></testcase><testcase classname="tests.unit.chat.test_deduplication_a7_fix.TestMessageDeduplication" name="test_rest_response_contains_message_with_real_id" time="0.001"><error message="failed on setup with &quot;TypeError: CheckConstraint.__init__() got an unexpected keyword argument 'condition'&quot;">E   TypeError: CheckConstraint.__init__() got an unexpected keyword argument 'condition'</error></testcase><testcase classname="tests.unit.chat.test_deduplication_a7_fix.TestMessageDeduplication" name="test_cache_contains_only_real_message_after_response" time="0.001"><error message="failed on setup with &quot;TypeError: CheckConstraint.__init__() got an unexpected keyword argument 'condition'&quot;">E   TypeError: CheckConstraint.__init__() got an unexpected keyword argument 'condition'</error></testcase><testcase classname="tests.unit.chat.test_deduplication_a7_fix.TestMessageDeduplication" name="test_no_rest_broadcast_duplication_single_user" time="0.001"><error message="failed on setup with &quot;TypeError: CheckConstraint.__init__() got an unexpected keyword argument 'condition'&quot;">E   TypeError: CheckConstraint.__init__() got an unexpected keyword argument 'condition'</error></testcase><testcase classname="tests.unit.chat.test_deduplication_a7_fix.TestMessageDeduplication" name="test_rest_endpoint_does_not_broadcast_message" time="0.001"><error message="failed on setup with &quot;TypeError: CheckConstraint.__init__() got an unexpected keyword argument 'condition'&quot;">E   TypeError: CheckConstraint.__init__() got an unexpected keyword argument 'condition'</error></testcase><testcase classname="tests.unit.chat.test_deduplication_a7_fix.TestMessageDeduplication" name="test_multiple_users_receive_via_websocket_only" time="0.001"><error message="failed on setup with &quot;TypeError: CheckConstraint.__init__() got an unexpected keyword argument 'condition'&quot;">E   TypeError: CheckConstraint.__init__() got an unexpected keyword argument 'condition'</error></testcase><testcase classname="tests.unit.chat.test_deduplication_a7_fix.TestMessageDeduplication" name="test_websocket_delivers_messages_to_all_users" time="0.001"><error message="failed on setup with &quot;TypeError: CheckConstraint.__init__() got an unexpected keyword argument 'condition'&quot;">E   TypeError: CheckConstraint.__init__() got an unexpected keyword argument 'condition'</error></testcase><testcase classname="tests.unit.chat.test_deduplication_a7_fix.TestMessageDeduplication" name="test_websocket_broadcast_event_structure" time="0.001"><error message="failed on setup with &quot;TypeError: CheckConstraint.__init__() got an unexpected keyword argument 'condition'&quot;">E   TypeError: CheckConstraint.__init__() got an unexpected keyword argument 'condition'</error></testcase><testcase classname="tests.unit.chat.test_deduplication_a7_fix.TestMessageDeduplication" name="test_relogin_shows_single_message_in_db" time="0.001"><error message="failed on setup with &quot;TypeError: CheckConstraint.__init__() got an unexpected keyword argument 'condition'&quot;">E   TypeError: CheckConstraint.__init__() got an unexpected keyword argument 'condition'</error></testcase><testcase classname="tests.unit.chat.test_deduplication_a7_fix.TestMessageDeduplication" name="test_no_duplicate_after_logout_login_cycle" time="0.001"><error message="failed on setup with &quot;TypeError: CheckConstraint.__init__() got an unexpected keyword argument 'condition'&quot;">E   TypeError: CheckConstraint.__init__() got an unexpected keyword argument 'condition'</error></testcase><testcase classname="tests.unit.chat.test_deduplication_a7_fix.TestMessageDeduplication" name="test_race_condition_optimistic_plus_websocket_plus_rest" time="0.001"><error message="failed on setup with &quot;TypeError: CheckConstraint.__init__() got an unexpected keyword argument 'condition'&quot;">E   TypeError: CheckConstraint.__init__() got an unexpected keyword argument 'condition'</error></testcase><testcase classname="tests.unit.chat.test_deduplication_a7_fix.TestMessageDeduplication" name="test_deduplication_by_message_id" time="0.001"><error message="failed on setup with &quot;TypeError: CheckConstraint.__init__() got an unexpected keyword argument 'condition'&quot;">E   TypeError: CheckConstraint.__init__() got an unexpected keyword argument 'condition'</error></testcase><testcase classname="tests.unit.chat.test_deduplication_a7_fix.TestMessageDeduplication" name="test_temp_id_replacement_logic" time="0.001"><error message="failed on setup with &quot;TypeError: CheckConstraint.__init__() got an unexpected keyword argument 'condition'&quot;">E   TypeError: CheckConstraint.__init__() got an unexpected keyword argument 'condition'</error></testcase><testcase classname="tests.unit.chat.test_deduplication_a7_fix.TestMessageDeduplication" name="test_message_count_consistency_after_multiple_sends" time="0.001"><error message="failed on setup with &quot;TypeError: CheckConstraint.__init__() got an unexpected keyword argument 'condition'&quot;">E   TypeError: CheckConstraint.__init__() got an unexpected keyword argument 'condition'</error></testcase><testcase classname="tests.unit.chat.test_deduplication_a7_fix.TestMessageDeduplication" name="test_all_users_see_same_messages" time="0.001"><error message="failed on setup with &quot;TypeError: CheckConstraint.__init__() got an unexpected keyword argument 'condition'&quot;">E   TypeError: CheckConstraint.__init__() got an unexpected keyword argument 'condition'</error></testcase><testcase classname="tests.unit.chat.test_deduplication_a7_fix.TestMessageDeduplication" name="test_serializer_returns_correct_message_id" time="0.001"><error message="failed on setup with &quot;TypeError: CheckConstraint.__init__() got an unexpected keyword argument 'condition'&quot;">E   TypeError: CheckConstraint.__init__() got an unexpected keyword argument 'condition'</error></testcase><testcase classname="tests.unit.chat.test_deduplication_a7_fix.TestMessageDeduplicationWithAPI" name="test_rest_api_returns_message_with_id" time="0.001"><error message="failed on setup with &quot;TypeError: CheckConstraint.__init__() got an unexpected keyword argument 'condition'&quot;">E   TypeError: CheckConstraint.__init__() got an unexpected keyword argument 'condition'</error></testcase><testcase classname="tests.unit.chat.test_deduplication_a7_fix.TestMessageDeduplicationWithAPI" name="test_consecutive_messages_not_duplicated" time="0.001"><error message="failed on setup with &quot;TypeError: CheckConstraint.__init__() got an unexpected keyword argument 'condition'&quot;">E   TypeError: CheckConstraint.__init__() got an unexpected keyword argument 'condition'</error></testcase><testcase classname="tests.unit.chat.test_forum_chat_w14.TestTutorChatListVisibility" name="test_forum_subject_chat_m2m_participants_correct" time="0.001"><error message="failed on setup with &quot;TypeError: CheckConstraint.__init__() got an unexpected keyword argument 'condition'&quot;">E   TypeError: CheckConstraint.__init__() got an unexpected keyword argument 'condition'</error></testcase><testcase classname="tests.unit.chat.test_forum_chat_w14.TestTutorChatListVisibility" name="test_forum_tutor_chat_m2m_participants_correct" time="0.001"><error message="failed on setup with &quot;TypeError: CheckConstraint.__init__() got an unexpected keyword argument 'condition'&quot;">E   TypeError: CheckConstraint.__init__() got an unexpected keyword argument 'condition'</error></testcase><testcase classname="tests.unit.chat.test_forum_chat_w14.TestTutorChatListVisibility" name="test_tutor_gets_both_students_chats_combined" time="0.001"><error message="failed on setup with &quot;TypeError: CheckConstraint.__init__() got an unexpected keyword argument 'condition'&quot;">E   TypeError: CheckConstraint.__init__() got an unexpected keyword argument 'condition'</error></testcase><testcase classname="tests.unit.chat.test_forum_chat_w14.TestTutorChatListVisibility" name="test_tutor_gets_both_students_chats_via_created_by" time="0.001"><error message="failed on setup with &quot;TypeError: CheckConstraint.__init__() got an unexpected keyword argument 'condition'&quot;">E   TypeError: CheckConstraint.__init__() got an unexpected keyword argument 'condition'</error></testcase><testcase classname="tests.unit.chat.test_forum_chat_w14.TestTutorChatListVisibility" name="test_tutor_gets_both_students_chats_via_profile" time="0.001"><error message="failed on setup with &quot;TypeError: CheckConstraint.__init__() got an unexpected keyword argument 'condition'&quot;">E   TypeError: CheckConstraint.__init__() got an unexpected keyword argument 'condition'</error></testcase><testcase classname="tests.unit.chat.test_forum_chat_w14.TestTutorChatListVisibility" name="test_tutor_visibility_setup" time="0.001"><error message="failed on setup with &quot;TypeError: CheckConstraint.__init__() got an unexpected keyword argument 'condition'&quot;">E   TypeError: CheckConstraint.__init__() got an unexpected keyword argument 'condition'</error></testcase><testcase classname="tests.unit.chat.test_forum_chat_w14.TestWebSocketRoomAccessForTutor" name="test_chat_participant_record_created_for_tutor" time="0.001"><error message="failed on setup with &quot;TypeError: CheckConstraint.__init__() got an unexpected keyword argument 'condition'&quot;">E   TypeError: CheckConstraint.__init__() got an unexpected keyword argument 'condition'</error></testcase><testcase classname="tests.unit.chat.test_forum_chat_w14.TestWebSocketRoomAccessForTutor" name="test_student_can_access_forum_tutor_room" time="0.001"><error message="failed on setup with &quot;TypeError: CheckConstraint.__init__() got an unexpected keyword argument 'condition'&quot;">E   TypeError: CheckConstraint.__init__() got an unexpected keyword argument 'condition'</error></testcase><testcase classname="tests.unit.chat.test_forum_chat_w14.TestWebSocketRoomAccessForTutor" name="test_tutor_added_to_room_participants" time="0.001"><error message="failed on setup with &quot;TypeError: CheckConstraint.__init__() got an unexpected keyword argument 'condition'&quot;">E   TypeError: CheckConstraint.__init__() got an unexpected keyword argument 'condition'</error></testcase><testcase classname="tests.unit.chat.test_forum_chat_w14.TestWebSocketRoomAccessForTutor" name="test_tutor_can_access_forum_tutor_room" time="0.001"><error message="failed on setup with &quot;TypeError: CheckConstraint.__init__() got an unexpected keyword argument 'condition'&quot;">E   TypeError: CheckConstraint.__init__() got an unexpected keyword argument 'condition'</error></testcase><testcase classname="tests.unit.chat.test_forum_chat_w14.TestWebSocketRoomAccessForTutor" name="test_tutor_can_receive_messages_in_room" time="0.001"><error message="failed on setup with &quot;TypeError: CheckConstraint.__init__() got an unexpected keyword argument 'condition'&quot;">E   TypeError: CheckConstraint.__init__() got an unexpected keyword argument 'condition'</error></testcase><testcase classname="tests.unit.chat.test_forum_chat_w14.TestWebSocketRoomAccessForTutor" name="test_tutor_is_participant_in_forum_tutor_chat" time="0.001"><error message="failed on setup with &quot;TypeError: CheckConstraint.__init__() got an unexpected keyword argument 'condition'&quot;">E   TypeError: CheckConstraint.__init__() got an unexpected keyword argument 'condition'</error></testcase><testcase classname="tests.unit.chat.test_forum_chat_w14.TestWebSocketMessageBroadcastToTutor" name="test_cross_role_messaging_broadcast" time="0.001"><error message="failed on setup with &quot;TypeError: CheckConstraint.__init__() got an unexpected keyword argument 'condition'&quot;">E   TypeError: CheckConstraint.__init__() got an unexpected keyword argument 'condition'</error></testcase><testcase classname="tests.unit.chat.test_forum_chat_w14.TestWebSocketMessageBroadcastToTutor" name="test_message_broadcasts_to_all_participants" time="0.001"><error message="failed on setup with &quot;TypeError: CheckConstraint.__init__() got an unexpected keyword argument 'condition'&quot;">E   TypeError: CheckConstraint.__init__() got an unexpected keyword argument 'condition'</error></testcase><testcase classname="tests.unit.chat.test_forum_chat_w14.TestWebSocketMessageBroadcastToTutor" name="test_message_created_in_forum_tutor_chat" time="0.001"><error message="failed on setup with &quot;TypeError: CheckConstraint.__init__() got an unexpected keyword argument 'condition'&quot;">E   TypeError: CheckConstraint.__init__() got an unexpected keyword argument 'condition'</error></testcase><testcase classname="tests.unit.chat.test_forum_chat_w14.TestWebSocketMessageBroadcastToTutor" name="test_message_sender_can_send_to_forum_tutor" time="0.001"><error message="failed on setup with &quot;TypeError: CheckConstraint.__init__() got an unexpected keyword argument 'condition'&quot;">E   TypeError: CheckConstraint.__init__() got an unexpected keyword argument 'condition'</error></testcase><testcase classname="tests.unit.chat.test_forum_chat_w14.TestWebSocketMessageBroadcastToTutor" name="test_multiple_messages_broadcast_to_tutor" time="0.001"><error message="failed on setup with &quot;TypeError: CheckConstraint.__init__() got an unexpected keyword argument 'condition'&quot;">E   TypeError: CheckConstraint.__init__() got an unexpected keyword argument 'condition'</error></testcase><testcase classname="tests.unit.chat.test_forum_chat_w14.TestWebSocketMessageBroadcastToTutor" name="test_tutor_can_send_to_forum_tutor" time="0.001"><error message="failed on setup with &quot;TypeError: CheckConstraint.__init__() got an unexpected keyword argument 'condition'&quot;">E   TypeError: CheckConstraint.__init__() got an unexpected keyword argument 'condition'</error></testcase><testcase classname="tests.unit.chat.test_forum_chat_w14.TestFreshMessagesOrdering" name="test_many_messages_ascending_order" time="0.001"><error message="failed on setup with &quot;TypeError: CheckConstraint.__init__() got an unexpected keyword argument 'condition'&quot;">E   TypeError: CheckConstraint.__init__() got an unexpected keyword argument 'condition'</error></testcase><testcase classname="tests.unit.chat.test_forum_chat_w14.TestFreshMessagesOrdering" name="test_message_ordering_matches_api_expectation" time="0.001"><error message="failed on setup with &quot;TypeError: CheckConstraint.__init__() got an unexpected keyword argument 'condition'&quot;">E   TypeError: CheckConstraint.__init__() got an unexpected keyword argument 'condition'</error></testcase><testcase classname="tests.unit.chat.test_forum_chat_w14.TestFreshMessagesOrdering" name="test_single_message_ordering" time="0.001"><error message="failed on setup with &quot;TypeError: CheckConstraint.__init__() got an unexpected keyword argument 'condition'&quot;">E   TypeError: CheckConstraint.__init__() got an unexpected keyword argument 'condition'</error></testcase><testcase classname="tests.unit.chat.test_forum_chat_w14.TestFreshMessagesOrdering" name="test_three_messages_ascending_order" time="0.001"><error message="failed on setup with &quot;TypeError: CheckConstraint.__init__() got an unexpected keyword argument 'condition'&quot;">E   TypeError: CheckConstraint.__init__() got an unexpected keyword argument 'condition'</error></testcase><testcase classname="tests.unit.chat.test_forum_chat_w14.TestFreshMessagesOrdering" name="test_two_messages_ascending_order" time="0.001"><error message="failed on setup with &quot;TypeError: CheckConstraint.__init__() got an unexpected keyword argument 'condition'&quot;">E   TypeError: CheckConstraint.__init__() got an unexpected keyword argument 'condition'</error></testcase><testcase classname="tests.unit.chat.test_forum_messaging_comprehensive.TestForumMessageSendingComprehensive" name="test_message_creation_basic" time="0.001"><error message="failed on setup with &quot;TypeError: CheckConstraint.__init__() got an unexpected keyword argument 'condition'&quot;">E   TypeError: CheckConstraint.__init__() got an unexpected keyword argument 'condition'</error></testcase><testcase classname="tests.unit.chat.test_forum_messaging_comprehensive.TestForumMessageSendingComprehensive" name="test_message_is_persisted_to_database" time="0.001"><error message="failed on setup with &quot;TypeError: CheckConstraint.__init__() got an unexpected keyword argument 'condition'&quot;">E   TypeError: CheckConstraint.__init__() got an unexpected keyword argument 'condition'</error></testcase><testcase classname="tests.unit.chat.test_forum_messaging_comprehensive.TestForumMessageSendingComprehensive" name="test_message_has_timestamp" time="0.001"><error message="failed on setup with &quot;TypeError: CheckConstraint.__init__() got an unexpected keyword argument 'condition'&quot;">E   TypeError: CheckConstraint.__init__() got an unexpected keyword argument 'condition'</error></testcase><testcase classname="tests.unit.chat.test_forum_messaging_comprehensive.TestForumMessageSendingComprehensive" name="test_chat_room_updated_at_changes_on_message" time="0.001"><error message="failed on setup with &quot;TypeError: CheckConstraint.__init__() got an unexpected keyword argument 'condition'&quot;">E   TypeError: CheckConstraint.__init__() got an unexpected keyword argument 'condition'</error></testcase><testcase classname="tests.unit.chat.test_forum_messaging_comprehensive.TestForumMessageSendingComprehensive" name="test_multiple_messages_update_chat_room_time" time="0.001"><error message="failed on setup with &quot;TypeError: CheckConstraint.__init__() got an unexpected keyword argument 'condition'&quot;">E   TypeError: CheckConstraint.__init__() got an unexpected keyword argument 'condition'</error></testcase><testcase classname="tests.unit.chat.test_forum_messaging_comprehensive.TestForumMessageSendingComprehensive" name="test_message_creation_empty_content_fails" time="0.001"><error message="failed on setup with &quot;TypeError: CheckConstraint.__init__() got an unexpected keyword argument 'condition'&quot;">E   TypeError: CheckConstraint.__init__() got an unexpected keyword argument 'condition'</error></testcase><testcase classname="tests.unit.chat.test_forum_messaging_comprehensive.TestForumMessageSendingComprehensive" name="test_message_creation_blank_content_fails" time="0.001"><error message="failed on setup with &quot;TypeError: CheckConstraint.__init__() got an unexpected keyword argument 'condition'&quot;">E   TypeError: CheckConstraint.__init__() got an unexpected keyword argument 'condition'</error></testcase><testcase classname="tests.unit.chat.test_forum_messaging_comprehensive.TestForumMessageSendingComprehensive" name="test_message_creation_normal_content_succeeds" time="0.001"><error message="failed on setup with &quot;TypeError: CheckConstraint.__init__() got an unexpected keyword argument 'condition'&quot;">E   TypeError: CheckConstraint.__init__() got an unexpected keyword argument 'condition'</error></testcase><testcase classname="tests.unit.chat.test_forum_messaging_comprehensive.TestForumMessageSendingComprehensive" name="test_participant_can_send_message" time="0.001"><error message="failed on setup with &quot;TypeError: CheckConstraint.__init__() got an unexpected keyword argument 'condition'&quot;">E   TypeError: CheckConstraint.__init__() got an unexpected keyword argument 'condition'</error></testcase><testcase classname="tests.unit.chat.test_forum_messaging_comprehensive.TestForumMessageSendingComprehensive" name="test_non_participant_cannot_send_message" time="0.001"><error message="failed on setup with &quot;TypeError: CheckConstraint.__init__() got an unexpected keyword argument 'condition'&quot;">E   TypeError: CheckConstraint.__init__() got an unexpected keyword argument 'condition'</error></testcase><testcase classname="tests.unit.chat.test_forum_messaging_comprehensive.TestForumMessageSendingComprehensive" name="test_message_creation_triggers_signal" time="0.001"><error message="failed on setup with &quot;TypeError: CheckConstraint.__init__() got an unexpected keyword argument 'condition'&quot;">E   TypeError: CheckConstraint.__init__() got an unexpected keyword argument 'condition'</error></testcase><testcase classname="tests.unit.chat.test_forum_messaging_comprehensive.TestForumMessageSendingComprehensive" name="test_message_broadcast_channel_group" time="0.001"><error message="failed on setup with &quot;TypeError: CheckConstraint.__init__() got an unexpected keyword argument 'condition'&quot;">E   TypeError: CheckConstraint.__init__() got an unexpected keyword argument 'condition'</error></testcase><testcase classname="tests.unit.chat.test_forum_messaging_comprehensive.TestForumMessageSendingComprehensive" name="test_multiple_messages_in_same_chat" time="0.001"><error message="failed on setup with &quot;TypeError: CheckConstraint.__init__() got an unexpected keyword argument 'condition'&quot;">E   TypeError: CheckConstraint.__init__() got an unexpected keyword argument 'condition'</error></testcase><testcase classname="tests.unit.chat.test_forum_messaging_comprehensive.TestForumMessageSendingComprehensive" name="test_message_ordering_by_creation" time="0.001"><error message="failed on setup with &quot;TypeError: CheckConstraint.__init__() got an unexpected keyword argument 'condition'&quot;">E   TypeError: CheckConstraint.__init__() got an unexpected keyword argument 'condition'</error></testcase><testcase classname="tests.unit.chat.test_forum_messaging_comprehensive.TestForumMessageSendingComprehensive" name="test_message_records_correct_sender" time="0.003"><error message="failed on setup with &quot;TypeError: CheckConstraint.__init__() got an unexpected keyword argument 'condition'&quot;">E   TypeError: CheckConstraint.__init__() got an unexpected keyword argument 'condition'</error></testcase><testcase classname="tests.unit.chat.test_forum_messaging_comprehensive.TestForumMessageSendingComprehensive" name="test_message_sender_must_be_user" time="0.001"><error message="failed on setup with &quot;TypeError: CheckConstraint.__init__() got an unexpected keyword argument 'condition'&quot;">E   TypeError: CheckConstraint.__init__() got an unexpected keyword argument 'condition'</error></testcase><testcase classname="tests.unit.chat.test_forum_messaging_comprehensive.TestForumMessageSendingComprehensive" name="test_message_belongs_to_correct_chat" time="0.001"><error message="failed on setup with &quot;TypeError: CheckConstraint.__init__() got an unexpected keyword argument 'condition'&quot;">E   TypeError: CheckConstraint.__init__() got an unexpected keyword argument 'condition'</error></testcase><testcase classname="tests.unit.chat.test_forum_messaging_comprehensive.TestForumMessageSendingComprehensive" name="test_message_linked_to_only_one_chat" time="0.001"><error message="failed on setup with &quot;TypeError: CheckConstraint.__init__() got an unexpected keyword argument 'condition'&quot;">E   TypeError: CheckConstraint.__init__() got an unexpected keyword argument 'condition'</error></testcase><testcase classname="tests.unit.chat.test_forum_messaging_comprehensive.TestForumMessageSendingComprehensive" name="test_message_content_preserved" time="0.001"><error message="failed on setup with &quot;TypeError: CheckConstraint.__init__() got an unexpected keyword argument 'condition'&quot;">E   TypeError: CheckConstraint.__init__() got an unexpected keyword argument 'condition'</error></testcase><testcase classname="tests.unit.chat.test_forum_messaging_comprehensive.TestForumMessageSendingComprehensive" name="test_message_no_sensitive_data_in_response" time="0.001"><error message="failed on setup with &quot;TypeError: CheckConstraint.__init__() got an unexpected keyword argument 'condition'&quot;">E   TypeError: CheckConstraint.__init__() got an unexpected keyword argument 'condition'</error></testcase><testcase classname="tests.unit.chat.test_forum_messaging_comprehensive.TestForumMessageSendingComprehensive" name="test_message_timestamp_is_timezone_aware" time="0.001"><error message="failed on setup with &quot;TypeError: CheckConstraint.__init__() got an unexpected keyword argument 'condition'&quot;">E   TypeError: CheckConstraint.__init__() got an unexpected keyword argument 'condition'</error></testcase><testcase classname="tests.unit.chat.test_forum_messaging_comprehensive.TestForumMessageSendingComprehensive" name="test_message_created_at_is_current_time" time="0.001"><error message="failed on setup with &quot;TypeError: CheckConstraint.__init__() got an unexpected keyword argument 'condition'&quot;">E   TypeError: CheckConstraint.__init__() got an unexpected keyword argument 'condition'</error></testcase><testcase classname="tests.unit.chat.test_forum_teacher_visibility.TestTeacherChatVisibility" name="test_teacher_creator_sees_their_created_chat" time="0.001"><error message="failed on setup with &quot;TypeError: CheckConstraint.__init__() got an unexpected keyword argument 'condition'&quot;">E   TypeError: CheckConstraint.__init__() got an unexpected keyword argument 'condition'</error></testcase><testcase classname="tests.unit.chat.test_forum_teacher_visibility.TestTeacherChatVisibility" name="test_teacher_assigned_sees_chat" time="0.001"><error message="failed on setup with &quot;TypeError: CheckConstraint.__init__() got an unexpected keyword argument 'condition'&quot;">E   TypeError: CheckConstraint.__init__() got an unexpected keyword argument 'condition'</error></testcase><testcase classname="tests.unit.chat.test_forum_teacher_visibility.TestTeacherChatVisibility" name="test_student_sees_chat" time="0.002"><error message="failed on setup with &quot;TypeError: CheckConstraint.__init__() got an unexpected keyword argument 'condition'&quot;">E   TypeError: CheckConstraint.__init__() got an unexpected keyword argument 'condition'</error></testcase><testcase classname="tests.unit.chat.test_forum_teacher_visibility.TestTeacherChatVisibility" name="test_unrelated_teacher_does_not_see_chat" time="0.001"><error message="failed on setup with &quot;TypeError: CheckConstraint.__init__() got an unexpected keyword argument 'condition'&quot;">E   TypeError: CheckConstraint.__init__() got an unexpected keyword argument 'condition'</error></testcase><testcase classname="tests.unit.chat.test_forum_teacher_visibility.TestTeacherChatVisibility" name="test_chat_creator_and_assigned_teacher_are_different" time="0.001"><error message="failed on setup with &quot;TypeError: CheckConstraint.__init__() got an unexpected keyword argument 'condition'&quot;">E   TypeError: CheckConstraint.__init__() got an unexpected keyword argument 'condition'</error></testcase><testcase classname="tests.unit.chat.test_forum_teacher_visibility.TestTeacherChatVisibility" name="test_chat_lists_multiple_chats_correctly" time="0.001"><error message="failed on setup with &quot;TypeError: CheckConstraint.__init__() got an unexpected keyword argument 'condition'&quot;">E   TypeError: CheckConstraint.__init__() got an unexpected keyword argument 'condition'</error></testcase><testcase classname="tests.unit.chat.test_forum_visibility_comprehensive.TestForumVisibilityFiltersComprehensive" name="test_student_sees_forum_subject_chats" time="0.001"><error message="failed on setup with &quot;TypeError: CheckConstraint.__init__() got an unexpected keyword argument 'condition'&quot;">E   TypeError: CheckConstraint.__init__() got an unexpected keyword argument 'condition'</error></testcase><testcase classname="tests.unit.chat.test_forum_visibility_comprehensive.TestForumVisibilityFiltersComprehensive" name="test_student_sees_forum_tutor_chats" time="0.001"><error message="failed on setup with &quot;TypeError: CheckConstraint.__init__() got an unexpected keyword argument 'condition'&quot;">E   TypeError: CheckConstraint.__init__() got an unexpected keyword argument 'condition'</error></testcase><testcase classname="tests.unit.chat.test_forum_visibility_comprehensive.TestForumVisibilityFiltersComprehensive" name="test_student_does_not_see_other_student_chats" time="0.001"><error message="failed on setup with &quot;TypeError: CheckConstraint.__init__() got an unexpected keyword argument 'condition'&quot;">E   TypeError: CheckConstraint.__init__() got an unexpected keyword argument 'condition'</error></testcase><testcase classname="tests.unit.chat.test_forum_visibility_comprehensive.TestForumVisibilityFiltersComprehensive" name="test_student_does_not_see_tutor_chats_they_are_not_in" time="0.001"><error message="failed on setup with &quot;TypeError: CheckConstraint.__init__() got an unexpected keyword argument 'condition'&quot;">E   TypeError: CheckConstraint.__init__() got an unexpected keyword argument 'condition'</error></testcase><testcase classname="tests.unit.chat.test_forum_visibility_comprehensive.TestForumVisibilityFiltersComprehensive" name="test_teacher_sees_forum_subject_chats_for_their_students" time="0.001"><error message="failed on setup with &quot;TypeError: CheckConstraint.__init__() got an unexpected keyword argument 'condition'&quot;">E   TypeError: CheckConstraint.__init__() got an unexpected keyword argument 'condition'</error></testcase><testcase classname="tests.unit.chat.test_forum_visibility_comprehensive.TestForumVisibilityFiltersComprehensive" name="test_teacher_does_not_see_tutor_chats" time="0.001"><error message="failed on setup with &quot;TypeError: CheckConstraint.__init__() got an unexpected keyword argument 'condition'&quot;">E   TypeError: CheckConstraint.__init__() got an unexpected keyword argument 'condition'</error></testcase><testcase classname="tests.unit.chat.test_forum_visibility_comprehensive.TestForumVisibilityFiltersComprehensive" name="test_teacher_does_not_see_other_teachers_chats" time="0.001"><error message="failed on setup with &quot;TypeError: CheckConstraint.__init__() got an unexpected keyword argument 'condition'&quot;">E   TypeError: CheckConstraint.__init__() got an unexpected keyword argument 'condition'</error></testcase><testcase classname="tests.unit.chat.test_forum_visibility_comprehensive.TestForumVisibilityFiltersComprehensive" name="test_tutor_sees_forum_tutor_chats_for_their_students" time="0.001"><error message="failed on setup with &quot;TypeError: CheckConstraint.__init__() got an unexpected keyword argument 'condition'&quot;">E   TypeError: CheckConstraint.__init__() got an unexpected keyword argument 'condition'</error></testcase><testcase classname="tests.unit.chat.test_forum_visibility_comprehensive.TestForumVisibilityFiltersComprehensive" name="test_tutor_does_not_see_forum_subject_chats" time="0.001"><error message="failed on setup with &quot;TypeError: CheckConstraint.__init__() got an unexpected keyword argument 'condition'&quot;">E   TypeError: CheckConstraint.__init__() got an unexpected keyword argument 'condition'</error></testcase><testcase classname="tests.unit.chat.test_forum_visibility_comprehensive.TestForumVisibilityFiltersComprehensive" name="test_tutor_does_not_see_other_tutors_chats" time="0.001"><error message="failed on setup with &quot;TypeError: CheckConstraint.__init__() got an unexpected keyword argument 'condition'&quot;">E   TypeError: CheckConstraint.__init__() got an unexpected keyword argument 'condition'</error></testcase><testcase classname="tests.unit.chat.test_forum_visibility_comprehensive.TestForumVisibilityFiltersComprehensive" name="test_chat_has_correct_participants" time="0.001"><error message="failed on setup with &quot;TypeError: CheckConstraint.__init__() got an unexpected keyword argument 'condition'&quot;">E   TypeError: CheckConstraint.__init__() got an unexpected keyword argument 'condition'</error></testcase><testcase classname="tests.unit.chat.test_forum_visibility_comprehensive.TestForumVisibilityFiltersComprehensive" name="test_forum_subject_chat_type" time="0.001"><error message="failed on setup with &quot;TypeError: CheckConstraint.__init__() got an unexpected keyword argument 'condition'&quot;">E   TypeError: CheckConstraint.__init__() got an unexpected keyword argument 'condition'</error></testcase><testcase classname="tests.unit.chat.test_forum_visibility_comprehensive.TestForumVisibilityFiltersComprehensive" name="test_forum_tutor_chat_type" time="0.001"><error message="failed on setup with &quot;TypeError: CheckConstraint.__init__() got an unexpected keyword argument 'condition'&quot;">E   TypeError: CheckConstraint.__init__() got an unexpected keyword argument 'condition'</error></testcase><testcase classname="tests.unit.chat.test_forum_visibility_comprehensive.TestForumVisibilityFiltersComprehensive" name="test_no_cross_role_visibility" time="0.001"><error message="failed on setup with &quot;TypeError: CheckConstraint.__init__() got an unexpected keyword argument 'condition'&quot;">E   TypeError: CheckConstraint.__init__() got an unexpected keyword argument 'condition'</error></testcase><testcase classname="tests.unit.chat.test_forum_visibility_comprehensive.TestForumVisibilityFiltersComprehensive" name="test_chat_type_is_enum" time="0.001"><error message="failed on setup with &quot;TypeError: CheckConstraint.__init__() got an unexpected keyword argument 'condition'&quot;">E   TypeError: CheckConstraint.__init__() got an unexpected keyword argument 'condition'</error></testcase><testcase classname="tests.unit.chat.test_forum_visibility_comprehensive.TestForumVisibilityFiltersComprehensive" name="test_multiple_students_can_be_in_same_chat_group" time="0.001"><error message="failed on setup with &quot;TypeError: CheckConstraint.__init__() got an unexpected keyword argument 'condition'&quot;">E   TypeError: CheckConstraint.__init__() got an unexpected keyword argument 'condition'</error></testcase><testcase classname="tests.unit.chat.test_message_model.TestMessageModel" name="test_create_basic_message" time="0.001"><error message="failed on setup with &quot;TypeError: CheckConstraint.__init__() got an unexpected keyword argument 'condition'&quot;">E   TypeError: CheckConstraint.__init__() got an unexpected keyword argument 'condition'</error></testcase><testcase classname="tests.unit.chat.test_message_model.TestMessageModel" name="test_message_content" time="0.002"><error message="failed on setup with &quot;TypeError: CheckConstraint.__init__() got an unexpected keyword argument 'condition'&quot;">E   TypeError: CheckConstraint.__init__() got an unexpected keyword argument 'condition'</error></testcase><testcase classname="tests.unit.chat.test_message_model.TestMessageModel" name="test_message_timestamp" time="0.001"><error message="failed on setup with &quot;TypeError: CheckConstraint.__init__() got an unexpected keyword argument 'condition'&quot;">E   TypeError: CheckConstraint.__init__() got an unexpected keyword argument 'condition'</error></testcase><testcase classname="tests.unit.chat.test_message_model.TestMessageModel" name="test_message_updated_at" time="0.001"><error message="failed on setup with &quot;TypeError: CheckConstraint.__init__() got an unexpected keyword argument 'condition'&quot;">E   TypeError: CheckConstraint.__init__() got an unexpected keyword argument 'condition'</error></testcase><testcase classname="tests.unit.chat.test_message_model.TestMessageModel" name="test_message_is_deleted_default_false" time="0.001"><error message="failed on setup with &quot;TypeError: CheckConstraint.__init__() got an unexpected keyword argument 'condition'&quot;">E   TypeError: CheckConstraint.__init__() got an unexpected keyword argument 'condition'</error></testcase><testcase classname="tests.unit.chat.test_message_model.TestMessageModel" name="test_message_soft_delete" time="0.001"><error message="failed on setup with &quot;TypeError: CheckConstraint.__init__() got an unexpected keyword argument 'condition'&quot;">E   TypeError: CheckConstraint.__init__() got an unexpected keyword argument 'condition'</error></testcase><testcase classname="tests.unit.chat.test_message_model.TestMessageModel" name="test_message_room_relationship" time="0.001"><error message="failed on setup with &quot;TypeError: CheckConstraint.__init__() got an unexpected keyword argument 'condition'&quot;">E   TypeError: CheckConstraint.__init__() got an unexpected keyword argument 'condition'</error></testcase><testcase classname="tests.unit.chat.test_message_model.TestMessageModel" name="test_message_sender_relationship" time="0.001"><error message="failed on setup with &quot;TypeError: CheckConstraint.__init__() got an unexpected keyword argument 'condition'&quot;">E   TypeError: CheckConstraint.__init__() got an unexpected keyword argument 'condition'</error></testcase><testcase classname="tests.unit.chat.test_message_model.TestMessageModel" name="test_multiple_messages_in_room" time="0.001"><error message="failed on setup with &quot;TypeError: CheckConstraint.__init__() got an unexpected keyword argument 'condition'&quot;">E   TypeError: CheckConstraint.__init__() got an unexpected keyword argument 'condition'</error></testcase><testcase classname="tests.unit.chat.test_message_model.TestMessageModel" name="test_message_sender_deleted_cascade" time="0.001"><error message="failed on setup with &quot;TypeError: CheckConstraint.__init__() got an unexpected keyword argument 'condition'&quot;">E   TypeError: CheckConstraint.__init__() got an unexpected keyword argument 'condition'</error></testcase><testcase classname="tests.unit.chat.test_message_model.TestMessageModel" name="test_message_room_deleted_cascade" time="0.002"><error message="failed on setup with &quot;TypeError: CheckConstraint.__init__() got an unexpected keyword argument 'condition'&quot;">E   TypeError: CheckConstraint.__init__() got an unexpected keyword argument 'condition'</error></testcase><testcase classname="tests.unit.chat.test_message_model.TestMessageModel" name="test_message_str_representation" time="0.002"><error message="failed on setup with &quot;TypeError: CheckConstraint.__init__() got an unexpected keyword argument 'condition'&quot;">E   TypeError: CheckConstraint.__init__() got an unexpected keyword argument 'condition'</error></testcase><testcase classname="tests.unit.chat.test_message_serializer.TestMessageSerializer" name="test_serialize_basic_message" time="0.001"><error message="failed on setup with &quot;TypeError: CheckConstraint.__init__() got an unexpected keyword argument 'condition'&quot;">E   TypeError: CheckConstraint.__init__() got an unexpected keyword argument 'condition'</error></testcase><testcase classname="tests.unit.chat.test_message_serializer.TestMessageSerializer" name="test_message_sender_info" time="0.001"><error message="failed on setup with &quot;TypeError: CheckConstraint.__init__() got an unexpected keyword argument 'condition'&quot;">E   TypeError: CheckConstraint.__init__() got an unexpected keyword argument 'condition'</error></testcase><testcase classname="tests.unit.chat.test_message_serializer.TestMessageSerializer" name="test_is_read_with_prefetched_data" time="0.001"><error message="failed on setup with &quot;TypeError: CheckConstraint.__init__() got an unexpected keyword argument 'condition'&quot;">E   TypeError: CheckConstraint.__init__() got an unexpected keyword argument 'condition'</error></testcase><testcase classname="tests.unit.chat.test_message_serializer.TestMessageSerializer" name="test_is_read_not_read" time="0.001"><error message="failed on setup with &quot;TypeError: CheckConstraint.__init__() got an unexpected keyword argument 'condition'&quot;">E   TypeError: CheckConstraint.__init__() got an unexpected keyword argument 'condition'</error></testcase><testcase classname="tests.unit.chat.test_message_serializer.TestMessageSerializer" name="test_is_read_unauthenticated" time="0.001"><error message="failed on setup with &quot;TypeError: CheckConstraint.__init__() got an unexpected keyword argument 'condition'&quot;">E   TypeError: CheckConstraint.__init__() got an unexpected keyword argument 'condition'</error></testcase><testcase classname="tests.unit.chat.test_message_serializer.TestMessageSerializer" name="test_replies_count_with_annotation" time="0.001"><error message="failed on setup with &quot;TypeError: CheckConstraint.__init__() got an unexpected keyword argument 'condition'&quot;">E   TypeError: CheckConstraint.__init__() got an unexpected keyword argument 'condition'</error></testcase><testcase classname="tests.unit.chat.test_message_serializer.TestMessageSerializer" name="test_replies_count_fallback" time="0.001"><error message="failed on setup with &quot;TypeError: CheckConstraint.__init__() got an unexpected keyword argument 'condition'&quot;">E   TypeError: CheckConstraint.__init__() got an unexpected keyword argument 'condition'</error></testcase><testcase classname="tests.unit.chat.test_message_serializer.TestMessageSerializer" name="test_is_pinned_true" time="0.001"><error message="failed on setup with &quot;TypeError: CheckConstraint.__init__() got an unexpected keyword argument 'condition'&quot;">E   TypeError: CheckConstraint.__init__() got an unexpected keyword argument 'condition'</error></testcase><testcase classname="tests.unit.chat.test_message_serializer.TestMessageSerializer" name="test_is_pinned_false" time="0.001"><error message="failed on setup with &quot;TypeError: CheckConstraint.__init__() got an unexpected keyword argument 'condition'&quot;">E   TypeError: CheckConstraint.__init__() got an unexpected keyword argument 'condition'</error></testcase><testcase classname="tests.unit.chat.test_message_serializer.TestMessageSerializer" name="test_message_with_file" time="0.001"><error message="failed on setup with &quot;TypeError: CheckConstraint.__init__() got an unexpected keyword argument 'condition'&quot;">E   TypeError: CheckConstraint.__init__() got an unexpected keyword argument 'condition'</error></testcase><testcase classname="tests.unit.chat.test_message_serializer.TestMessageCreateSerializer" name="test_create_text_message" time="0.001"><error message="failed on setup with &quot;TypeError: CheckConstraint.__init__() got an unexpected keyword argument 'condition'&quot;">E   TypeError: CheckConstraint.__init__() got an unexpected keyword argument 'condition'</error></testcase><testcase classname="tests.unit.chat.test_message_serializer.TestMessageCreateSerializer" name="test_create_with_empty_content" time="0.001"><error message="failed on setup with &quot;TypeError: CheckConstraint.__init__() got an unexpected keyword argument 'condition'&quot;">E   TypeError: CheckConstraint.__init__() got an unexpected keyword argument 'condition'</error></testcase><testcase classname="tests.unit.chat.test_message_serializer.TestMessageCreateSerializer" name="test_create_message_requires_room" time="0.001"><error message="failed on setup with &quot;TypeError: CheckConstraint.__init__() got an unexpected keyword argument 'condition'&quot;">E   TypeError: CheckConstraint.__init__() got an unexpected keyword argument 'condition'</error></testcase><testcase classname="tests.unit.chat.test_message_serializer.TestMessageCreateSerializer" name="test_create_with_reply_to" time="0.001"><error message="failed on setup with &quot;TypeError: CheckConstraint.__init__() got an unexpected keyword argument 'condition'&quot;">E   TypeError: CheckConstraint.__init__() got an unexpected keyword argument 'condition'</error></testcase><testcase classname="tests.unit.chat.test_message_serializer.TestMessageUpdateSerializer" name="test_update_message_content" time="0.001"><error message="failed on setup with &quot;TypeError: CheckConstraint.__init__() got an unexpected keyword argument 'condition'&quot;">E   TypeError: CheckConstraint.__init__() got an unexpected keyword argument 'condition'</error></testcase><testcase classname="tests.unit.chat.test_message_serializer.TestMessageUpdateSerializer" name="test_update_requires_non_empty_content" time="0.001"><error message="failed on setup with &quot;TypeError: CheckConstraint.__init__() got an unexpected keyword argument 'condition'&quot;">E   TypeError: CheckConstraint.__init__() got an unexpected keyword argument 'condition'</error></testcase><testcase classname="tests.unit.chat.test_message_serializer.TestMessageUpdateSerializer" name="test_update_rejects_whitespace_only" time="0.001"><error message="failed on setup with &quot;TypeError: CheckConstraint.__init__() got an unexpected keyword argument 'condition'&quot;">E   TypeError: CheckConstraint.__init__() got an unexpected keyword argument 'condition'</error></testcase><testcase classname="tests.unit.chat.test_message_serializer.TestMessageUpdateSerializer" name="test_update_strips_whitespace" time="0.001"><error message="failed on setup with &quot;TypeError: CheckConstraint.__init__() got an unexpected keyword argument 'condition'&quot;">E   TypeError: CheckConstraint.__init__() got an unexpected keyword argument 'condition'</error></testcase><testcase classname="tests.unit.chat.test_message_serializer.TestMessageUpdateSerializer" name="test_update_max_length_validation" time="0.001"><error message="failed on setup with &quot;TypeError: CheckConstraint.__init__() got an unexpected keyword argument 'condition'&quot;">E   TypeError: CheckConstraint.__init__() got an unexpected keyword argument 'condition'</error></testcase><testcase classname="tests.unit.chat.test_message_serializer.TestMessageReadSerializer" name="test_serialize_message_read" time="0.001"><error message="failed on setup with &quot;TypeError: CheckConstraint.__init__() got an unexpected keyword argument 'condition'&quot;">E   TypeError: CheckConstraint.__init__() got an unexpected keyword argument 'condition'</error></testcase><testcase classname="tests.unit.chat.test_message_serializer.TestMessageReadSerializer" name="test_serialize_multiple_reads" time="0.001"><error message="failed on setup with &quot;TypeError: CheckConstraint.__init__() got an unexpected keyword argument 'condition'&quot;">E   TypeError: CheckConstraint.__init__() got an unexpected keyword argument 'condition'</error></testcase><testcase classname="tests.unit.chat.test_message_serializer.TestMessageReadSerializer" name="test_read_at_readonly" time="0.001"><error message="failed on setup with &quot;TypeError: CheckConstraint.__init__() got an unexpected keyword argument 'condition'&quot;">E   TypeError: CheckConstraint.__init__() got an unexpected keyword argument 'condition'</error></testcase><testcase classname="tests.unit.chat.test_pachca_celery_task.TestPachcaNotificationTask" name="test_task_success_notification_sent" time="0.001"><error message="failed on setup with &quot;TypeError: CheckConstraint.__init__() got an unexpected keyword argument 'condition'&quot;">E   TypeError: CheckConstraint.__init__() got an unexpected keyword argument 'condition'</error></testcase><testcase classname="tests.unit.chat.test_pachca_celery_task.TestPachcaNotificationTask" name="test_task_skips_when_not_configured" time="0.001"><error message="failed on setup with &quot;TypeError: CheckConstraint.__init__() got an unexpected keyword argument 'condition'&quot;">E   TypeError: CheckConstraint.__init__() got an unexpected keyword argument 'condition'</error></testcase><testcase classname="tests.unit.chat.test_pachca_celery_task.TestPachcaNotificationTask" name="test_task_handles_message_not_found" time="0.001"><error message="failed on setup with &quot;TypeError: CheckConstraint.__init__() got an unexpected keyword argument 'condition'&quot;">E   TypeError: CheckConstraint.__init__() got an unexpected keyword argument 'condition'</error></testcase><testcase classname="tests.unit.chat.test_pachca_celery_task.TestPachcaNotificationTask" name="test_task_handles_chat_room_not_found" time="0.001"><error message="failed on setup with &quot;TypeError: CheckConstraint.__init__() got an unexpected keyword argument 'condition'&quot;">E   TypeError: CheckConstraint.__init__() got an unexpected keyword argument 'condition'</error></testcase><testcase classname="tests.unit.chat.test_pachca_celery_task.TestPachcaNotificationTask" name="test_task_logs_success_event" time="0.001"><error message="failed on setup with &quot;TypeError: CheckConstraint.__init__() got an unexpected keyword argument 'condition'&quot;">E   TypeError: CheckConstraint.__init__() got an unexpected keyword argument 'condition'</error></testcase><testcase classname="tests.unit.chat.test_pachca_celery_task.TestPachcaNotificationTask" name="test_task_logs_error_event" time="0.001"><error message="failed on setup with &quot;TypeError: CheckConstraint.__init__() got an unexpected keyword argument 'condition'&quot;">E   TypeError: CheckConstraint.__init__() got an unexpected keyword argument 'condition'</error></testcase><testcase classname="tests.unit.chat.test_pachca_celery_task.TestPachcaTaskRetryLogic" name="test_task_retries_on_transient_failure" time="0.001"><error message="failed on setup with &quot;TypeError: CheckConstraint.__init__() got an unexpected keyword argument 'condition'&quot;">E   TypeError: CheckConstraint.__init__() got an unexpected keyword argument 'condition'</error></testcase><testcase classname="tests.unit.chat.test_pachca_celery_task.TestPachcaTaskRetryLogic" name="test_task_logs_retry_attempt" time="0.001"><error message="failed on setup with &quot;TypeError: CheckConstraint.__init__() got an unexpected keyword argument 'condition'&quot;">E   TypeError: CheckConstraint.__init__() got an unexpected keyword argument 'condition'</error></testcase><testcase classname="tests.unit.chat.test_pachca_celery_task.TestPachcaTaskRetryLogic" name="test_task_logs_final_failure" time="0.001"><error message="failed on setup with &quot;TypeError: CheckConstraint.__init__() got an unexpected keyword argument 'condition'&quot;">E   TypeError: CheckConstraint.__init__() got an unexpected keyword argument 'condition'</error></testcase><testcase classname="tests.unit.chat.test_pachca_celery_task.TestPachcaTaskRetryLogic" name="test_task_includes_attempt_number_in_result" time="0.001"><error message="failed on setup with &quot;TypeError: CheckConstraint.__init__() got an unexpected keyword argument 'condition'&quot;">E   TypeError: CheckConstraint.__init__() got an unexpected keyword argument 'condition'</error></
[...]
TestTutorStudentQueriesComprehensive" name="test_student_data_includes_required_fields" time="0.001"><error message="failed on setup with &quot;TypeError: CheckConstraint.__init__() got an unexpected keyword argument 'condition'&quot;">E   TypeError: CheckConstraint.__init__() got an unexpected keyword argument 'condition'</error></testcase><testcase classname="tests.unit.materials.test_tutor_students_comprehensive.TestTutorStudentQueriesComprehensive" name="test_student_data_includes_profile_info" time="0.001"><error message="failed on setup with &quot;TypeError: CheckConstraint.__init__() got an unexpected keyword argument 'condition'&quot;">E   TypeError: CheckConstraint.__init__() got an unexpected keyword argument 'condition'</error></testcase><testcase classname="tests.unit.materials.test_tutor_students_comprehensive.TestTutorStudentQueriesComprehensive" name="test_inactive_students_excluded" time="0.001"><error message="failed on setup with &quot;TypeError: CheckConstraint.__init__() got an unexpected keyword argument 'condition'&quot;">E   TypeError: CheckConstraint.__init__() got an unexpected keyword argument 'condition'</error></testcase><testcase classname="tests.unit.materials.test_tutor_students_comprehensive.TestTutorStudentQueriesComprehensive" name="test_students_with_subjects_included" time="0.001"><error message="failed on setup with &quot;TypeError: CheckConstraint.__init__() got an unexpected keyword argument 'condition'&quot;">E   TypeError: CheckConstraint.__init__() got an unexpected keyword argument 'condition'</error></testcase><testcase classname="tests.unit.materials.test_tutor_students_comprehensive.TestTutorStudentQueriesComprehensive" name="test_get_students_no_n_plus_1_queries" time="0.001"><error message="failed on setup with &quot;TypeError: CheckConstraint.__init__() got an unexpected keyword argument 'condition'&quot;">E   TypeError: CheckConstraint.__init__() got an unexpected keyword argument 'condition'</error></testcase><testcase classname="tests.unit.materials.test_tutor_students_comprehensive.TestTutorStudentQueriesComprehensive" name="test_get_students_scales_with_prefetch" time="0.001"><error message="failed on setup with &quot;TypeError: CheckConstraint.__init__() got an unexpected keyword argument 'condition'&quot;">E   TypeError: CheckConstraint.__init__() got an unexpected keyword argument 'condition'</error></testcase><testcase classname="tests.unit.materials.test_tutor_students_comprehensive.TestTutorStudentQueriesComprehensive" name="test_non_tutor_cannot_use_service" time="0.001"><error message="failed on setup with &quot;TypeError: CheckConstraint.__init__() got an unexpected keyword argument 'condition'&quot;">E   TypeError: CheckConstraint.__init__() got an unexpected keyword argument 'condition'</error></testcase><testcase classname="tests.unit.materials.test_tutor_students_comprehensive.TestTutorStudentQueriesComprehensive" name="test_student_ids_are_unique" time="0.001"><error message="failed on setup with &quot;TypeError: CheckConstraint.__init__() got an unexpected keyword argument 'condition'&quot;">E   TypeError: CheckConstraint.__init__() got an unexpected keyword argument 'condition'</error></testcase><testcase classname="tests.unit.materials.test_tutor_students_comprehensive.TestTutorStudentQueriesComprehensive" name="test_no_sensitive_data_leaked" time="0.001"><error message="failed on setup with &quot;TypeError: CheckConstraint.__init__() got an unexpected keyword argument 'condition'&quot;">E   TypeError: CheckConstraint.__init__() got an unexpected keyword argument 'condition'</error></testcase><testcase classname="tests.unit.materials.test_tutor_students_comprehensive.TestTutorStudentQueriesComprehensive" name="test_student_email_visible" time="0.001"><error message="failed on setup with &quot;TypeError: CheckConstraint.__init__() got an unexpected keyword argument 'condition'&quot;">E   TypeError: CheckConstraint.__init__() got an unexpected keyword argument 'condition'</error></testcase><testcase classname="tests.unit.chat.test_forum_websocket_access.TestCrossRoleWebSocketAccessLogic" name="test_teacher_added_to_forum_tutor_should_have_access" time="0.003" /><testcase classname="tests.unit.chat.test_forum_websocket_access.TestCrossRoleWebSocketAccessLogic" name="test_tutor_added_to_forum_subject_should_have_access" time="0.002" /><testcase classname="tests.unit.chat.test_forum_websocket_access.TestCrossRoleWebSocketAccessLogic" name="test_teacher_not_added_to_forum_tutor_should_not_have_access" time="0.003" /><testcase classname="tests.unit.chat.test_forum_websocket_access.TestCrossRoleWebSocketAccessLogic" name="test_tutor_not_added_to_forum_subject_should_not_have_access" time="0.002" /><testcase classname="tests.unit.chat.test_forum_websocket_access.TestWebSocketAccessCheckLogicMocked" name="test_websocket_consumer_check_room_access_logic_teacher_to_forum_tutor" time="0.002" /><testcase classname="tests.unit.chat.test_forum_websocket_access.TestWebSocketAccessCheckLogicMocked" name="test_websocket_consumer_check_room_access_logic_tutor_to_forum_subject" time="0.002" /><testcase classname="tests.unit.chat.test_forum_websocket_access.TestWebSocketAccessCheckLogicMocked" name="test_websocket_consumer_denies_teacher_to_forum_tutor_without_participant_status" time="0.002" /><testcase classname="tests.unit.chat.test_forum_websocket_access.TestWebSocketAccessCheckLogicMocked" name="test_websocket_consumer_denies_tutor_to_forum_subject_without_participant_status" time="0.002" /><testcase classname="tests.unit.chat.test_forum_websocket_access.TestCrossRoleMessageScenarios" name="test_teacher_message_in_forum_tutor_after_being_added" time="0.002" /><testcase classname="tests.unit.chat.test_forum_websocket_access.TestCrossRoleMessageScenarios" name="test_tutor_message_in_forum_subject_after_being_added" time="0.002" /><testcase classname="tests.unit.chat.test_forum_websocket_access.TestParticipantManagement" name="test_add_teacher_to_forum_tutor_increases_participant_count" time="0.002" /><testcase classname="tests.unit.chat.test_forum_websocket_access.TestParticipantManagement" name="test_add_tutor_to_forum_subject_increases_participant_count" time="0.002" /><testcase classname="tests.unit.chat.test_forum_websocket_access.TestParticipantManagement" name="test_participant_set_operations_for_cross_role_access" time="0.002" /><testcase classname="tests.unit.chat.test_forum_websocket_access.TestAccessControlRequirements" name="test_participants_list_controls_websocket_access_teacher_forum_tutor" time="0.002" /><testcase classname="tests.unit.chat.test_forum_websocket_access.TestAccessControlRequirements" name="test_participants_list_controls_websocket_access_tutor_forum_subject" time="0.002" /><testcase classname="tests.unit.chat.test_forum_websocket_access.TestAccessControlRequirements" name="test_missing_participant_status_denies_websocket_access" time="0.002" /><testcase classname="tests.unit.materials.services.test_latex_compiler.TestLatexCompilerService" name="test_pdflatex_installed" time="0.003" /><testcase classname="tests.unit.materials.services.test_latex_compiler.TestLatexCompilerService" name="test_pdflatex_not_installed" time="0.004" /><testcase classname="tests.unit.materials.services.test_latex_compiler.TestLatexCompilerService" name="test_compile_simple_latex" time="0.000"><skipped type="pytest.skip" message="LaTeX не установлен или не работает (требуется texlive-latex, texlive-langcyrillic)">/home/mego/Python Projects/THE_BOT_platform/backend/tests/unit/materials/services/test_latex_compiler.py:138: LaTeX не установлен или не работает (требуется texlive-latex, texlive-langcyrillic)</skipped></testcase><testcase classname="tests.unit.materials.services.test_latex_compiler.TestLatexCompilerService" name="test_compile_russian_text" time="0.000"><skipped type="pytest.skip" message="LaTeX не установлен или не работает (требуется texlive-latex, texlive-langcyrillic)">/home/mego/Python Projects/THE_BOT_platform/backend/tests/unit/materials/services/test_latex_compiler.py:152: LaTeX не установлен или не работает (требуется texlive-latex, texlive-langcyrillic)</skipped></testcase><testcase classname="tests.unit.materials.services.test_latex_compiler.TestLatexCompilerService" name="test_syntax_error_handling" time="0.021" /><testcase classname="tests.unit.materials.services.test_latex_compiler.TestLatexCompilerService" name="test_missing_package_error" time="0.000"><skipped type="pytest.skip" message="LaTeX не установлен или не работает (требуется texlive-latex, texlive-langcyrillic)">/home/mego/Python Projects/THE_BOT_platform/backend/tests/unit/materials/services/test_latex_compiler.py:183: LaTeX не установлен или не работает (требуется texlive-latex, texlive-langcyrillic)</skipped></testcase><testcase classname="tests.unit.materials.services.test_latex_compiler.TestLatexCompilerService" name="test_timeout_handling" time="0.019" /><testcase classname="tests.unit.materials.services.test_latex_compiler.TestLatexCompilerService" name="test_temp_file_cleanup" time="0.000"><skipped type="pytest.skip" message="LaTeX не установлен или не работает (требуется texlive-latex, texlive-langcyrillic)">/home/mego/Python Projects/THE_BOT_platform/backend/tests/unit/materials/services/test_latex_compiler.py:221: LaTeX не установлен или не работает (требуется texlive-latex, texlive-langcyrillic)</skipped></testcase><testcase classname="tests.unit.materials.services.test_latex_compiler.TestLatexCompilerService" name="test_output_directory_creation" time="0.000"><skipped type="pytest.skip" message="LaTeX не установлен или не работает (требуется texlive-latex, texlive-langcyrillic)">/home/mego/Python Projects/THE_BOT_platform/backend/tests/unit/materials/services/test_latex_compiler.py:244: LaTeX не установлен или не работает (требуется texlive-latex, texlive-langcyrillic)</skipped></testcase><testcase classname="tests.unit.materials.services.test_latex_compiler.TestLatexCompilerService" name="test_custom_timeout" time="0.000"><skipped type="pytest.skip" message="LaTeX не установлен или не работает (требуется texlive-latex, texlive-langcyrillic)">/home/mego/Python Projects/THE_BOT_platform/backend/tests/unit/materials/services/test_latex_compiler.py:257: LaTeX не установлен или не работает (требуется texlive-latex, texlive-langcyrillic)</skipped></testcase><testcase classname="tests.unit.materials.services.test_latex_compiler.TestLatexCompilerService" name="test_error_parsing_with_line_numbers" time="0.005" /><testcase classname="tests.unit.materials.services.test_latex_compiler.TestLatexErrorParsing" name="test_parse_missing_package" time="0.003" /><testcase classname="tests.unit.materials.services.test_latex_compiler.TestLatexErrorParsing" name="test_parse_line_error" time="0.002" /><testcase classname="tests.unit.materials.services.test_latex_compiler.TestLatexErrorParsing" name="test_parse_general_error" time="0.002" /><testcase classname="tests.unit.materials.services.test_latex_compiler.TestLatexErrorParsing" name="test_parse_unknown_error" time="0.002" /><testcase classname="tests.unit.materials.services.test_latex_compiler.TestLatexErrorParsing" name="test_parse_multiple_line_errors" time="0.002" /><testcase classname="tests.unit.materials.services.test_latex_compiler.TestLatexErrorParsing" name="test_parse_multiple_missing_packages" time="0.003" /><testcase classname="tests.unit.materials.services.test_latex_compiler.TestLatexCompilerEdgeCases" name="test_compile_empty_document" time="0.001"><skipped type="pytest.skip" message="LaTeX не установлен или не работает (требуется texlive-latex, texlive-langcyrillic)">/home/mego/Python Projects/THE_BOT_platform/backend/tests/unit/materials/services/test_latex_compiler.py:469: LaTeX не установлен или не работает (требуется texlive-latex, texlive-langcyrillic)</skipped></testcase><testcase classname="tests.unit.materials.services.test_latex_compiler.TestLatexCompilerEdgeCases" name="test_compile_large_document" time="0.000"><skipped type="pytest.skip" message="LaTeX не установлен или не работает (требуется texlive-latex, texlive-langcyrillic)">/home/mego/Python Projects/THE_BOT_platform/backend/tests/unit/materials/services/test_latex_compiler.py:484: LaTeX не установлен или не работает (требуется texlive-latex, texlive-langcyrillic)</skipped></testcase><testcase classname="tests.unit.materials.services.test_latex_compiler.TestLatexCompilerEdgeCases" name="test_compile_math_heavy_document" time="0.000"><skipped type="pytest.skip" message="LaTeX не установлен или не работает (требуется texlive-latex, texlive-langcyrillic)">/home/mego/Python Projects/THE_BOT_platform/backend/tests/unit/materials/services/test_latex_compiler.py:499: LaTeX не установлен или не работает (требуется texlive-latex, texlive-langcyrillic)</skipped></testcase><testcase classname="tests.unit.materials.services.test_latex_compiler.TestLatexCompilerEdgeCases" name="test_compile_unicode_document" time="0.000"><skipped type="pytest.skip" message="LaTeX не установлен или не работает (требуется texlive-latex, texlive-langcyrillic)">/home/mego/Python Projects/THE_BOT_platform/backend/tests/unit/materials/services/test_latex_compiler.py:513: LaTeX не установлен или не работает (требуется texlive-latex, texlive-langcyrillic)</skipped></testcase><testcase classname="tests.unit.materials.services.test_latex_compiler.TestLatexCompilerEdgeCases" name="test_multiple_compilations_same_compiler" time="0.000"><skipped type="pytest.skip" message="LaTeX не установлен или не работает (требуется texlive-latex, texlive-langcyrillic)">/home/mego/Python Projects/THE_BOT_platform/backend/tests/unit/materials/services/test_latex_compiler.py:528: LaTeX не установлен или не работает (требуется texlive-latex, texlive-langcyrillic)</skipped></testcase><testcase classname="tests.unit.materials.services.test_latex_compiler.TestLatexCompilerEdgeCases" name="test_invalid_utf8_handling" time="0.020" /><testcase classname="tests.unit.materials.services.test_latex_compiler.TestLatexCompilerEdgeCases" name="test_subprocess_exception_handling" time="0.006" /><testcase classname="tests.unit.materials.services.test_latex_compiler.TestLatexCompilerEdgeCases" name="test_nonexistent_output_directory_handling" time="0.015" /><testcase classname="tests.unit.materials.services.test_latex_compiler.TestLatexCompilerEdgeCases" name="test_output_file_permissions" time="0.000"><skipped type="pytest.skip" message="LaTeX не установлен или не работает (требуется texlive-latex, texlive-langcyrillic)">/home/mego/Python Projects/THE_BOT_platform/backend/tests/unit/materials/services/test_latex_compiler.py:597: LaTeX не установлен или не работает (требуется texlive-latex, texlive-langcyrillic)</skipped></testcase><testcase classname="tests.unit.materials.services.test_latex_compiler.TestLatexCompilerEdgeCases" name="test_pdf_not_created_despite_success" time="0.005" /><testcase classname="tests.unit.materials.services.test_latex_compiler.TestLatexCompilerEdgeCases" name="test_timeout_configuration_validation" time="0.002" /><testcase classname="tests.unit.materials.services.test_latex_compiler.TestLatexCompilerEdgeCases" name="test_cyrillic_in_filenames_handling" time="0.000"><skipped type="pytest.skip" message="LaTeX не установлен или не работает (требуется texlive-latex, texlive-langcyrillic)">/home/mego/Python Projects/THE_BOT_platform/backend/tests/unit/materials/services/test_latex_compiler.py:649: LaTeX не установлен или не работает (требуется texlive-latex, texlive-langcyrillic)</skipped></testcase><testcase classname="tests.unit.materials.services.test_latex_compiler.TestLatexCompilerEdgeCases" name="test_error_message_length_limit" time="0.004" /><testcase classname="tests.unit.materials.services.test_openrouter_service.TestOpenRouterServiceInitialization" name="test_init_with_api_key_from_settings" time="0.004" /><testcase classname="tests.unit.materials.services.test_openrouter_service.TestOpenRouterServiceInitialization" name="test_init_with_explicit_api_key" time="0.002" /><testcase classname="tests.unit.materials.services.test_openrouter_service.TestOpenRouterServiceInitialization" name="test_init_without_api_key_raises_error" time="0.003" /><testcase classname="tests.unit.materials.services.test_openrouter_service.TestOpenRouterServiceMakeRequest" name="test_make_request_success" time="0.007" /><testcase classname="tests.unit.materials.services.test_openrouter_service.TestOpenRouterServiceMakeRequest" name="test_make_request_with_custom_params" time="0.005" /><testcase classname="tests.unit.materials.services.test_openrouter_service.TestOpenRouterServiceMakeRequest" name="test_make_request_authentication_error_401" time="0.005" /><testcase classname="tests.unit.materials.services.test_openrouter_service.TestOpenRouterServiceMakeRequest" name="test_make_request_rate_limit_error_429" time="0.004" /><testcase classname="tests.unit.materials.services.test_openrouter_service.TestOpenRouterServiceMakeRequest" name="test_make_request_server_error_500" time="0.004" /><testcase classname="tests.unit.materials.services.test_openrouter_service.TestOpenRouterServiceMakeRequest" name="test_make_request_timeout" time="0.004" /><testcase classname="tests.unit.materials.services.test_openrouter_service.TestOpenRouterServiceMakeRequest" name="test_make_request_invalid_json_response" time="0.005" /><testcase classname="tests.unit.materials.services.test_openrouter_service.TestOpenRouterServiceMakeRequest" name="test_make_request_malformed_response_structure" time="0.005" /><testcase classname="tests.unit.materials.services.test_openrouter_service.TestOpenRouterServiceMakeRequest" name="test_make_request_empty_choices_array" time="0.005" /><testcase classname="tests.unit.materials.services.test_openrouter_service.TestOpenRouterServiceMakeRequest" name="test_make_request_http_status_error" time="0.004" /><testcase classname="tests.unit.materials.services.test_openrouter_service.TestOpenRouterServiceMakeRequest" name="test_make_request_unexpected_exception" time="0.004" /><testcase classname="tests.unit.materials.services.test_openrouter_service.TestGenerateProblemSet" name="test_generate_problem_set_missing_required_params" time="0.003" /><testcase classname="tests.unit.materials.services.test_openrouter_service.TestGenerateProblemSet" name="test_generate_problem_set_success" time="0.003" /><testcase classname="tests.unit.materials.services.test_openrouter_service.TestGenerateProblemSet" name="test_generate_problem_set_default_constraints" time="0.003" /><testcase classname="tests.unit.materials.services.test_openrouter_service.TestGenerateReferenceGuide" name="test_generate_reference_guide_missing_required_params" time="0.002" /><testcase classname="tests.unit.materials.services.test_openrouter_service.TestGenerateReferenceGuide" name="test_generate_reference_guide_success" time="0.003" /><testcase classname="tests.unit.materials.services.test_openrouter_service.TestGenerateReferenceGuide" name="test_generate_reference_guide_default_constraints" time="0.003" /><testcase classname="tests.unit.materials.services.test_openrouter_service.TestGenerateVideoList" name="test_generate_video_list_missing_required_params" time="0.002" /><testcase classname="tests.unit.materials.services.test_openrouter_service.TestGenerateVideoList" name="test_generate_video_list_success" time="0.003" /><testcase classname="tests.unit.materials.services.test_openrouter_service.TestGenerateVideoList" name="test_generate_video_list_default_optional_params" time="0.003" /><testcase classname="tests.unit.materials.services.test_openrouter_service.TestOpenRouterServiceIntegration" name="test_full_workflow_problem_set_generation" time="0.004" /><testcase classname="tests.unit.materials.services.test_openrouter_service.TestOpenRouterServiceIntegration" name="test_error_propagation_from_make_request" time="0.006" /></testsuite></testsuites>