{
  "test_session": "tutor_cabinet_final_complete_test_20260107",
  "date": "2026-01-07T00:00:00Z",
  "environment": "ENVIRONMENT=test",
  "backend": "/home/mego/Python Projects/THE_BOT_platform",
  "test_directory": "backend/tests/tutor_cabinet/",

  "overall_results": {
    "total_tests": 316,
    "passed": 180,
    "failed": 85,
    "errors": 51,
    "pass_rate": 56.96,
    "status": "REQUIRES_FIXES"
  },

  "test_groups": {
    "group_1_auth_dashboard_students_subjects": {
      "name": "Auth + Dashboard + Students + Subjects",
      "tests": 18,
      "location": "test_dashboard_20260107.py",
      "passed": 18,
      "failed": 0,
      "errors": 0,
      "pass_rate": 100.0,
      "status": "PASS"
    },

    "group_2_lessons_schedule": {
      "name": "Lessons & Schedule",
      "tests": 37,
      "locations": [
        "test_lessons_schedule_20260107.py",
        "test_lessons_schedule_t037_t055.py"
      ],
      "passed": 10,
      "failed": 14,
      "errors": 23,
      "pass_rate": 27.0,
      "status": "CRITICAL_ISSUES",
      "issues": [
        "23 test setup errors: Fixture 'lesson_time', 'tutor_user' not found",
        "14 test failures: Missing Lesson model relationships",
        "Tests reference non-existent model fields or migrations"
      ]
    },

    "group_3_assignments_grading": {
      "name": "Assignments & Grading",
      "tests": 35,
      "locations": [
        "test_assignments_and_grading_20260107.py",
        "test_tutor_cabinet_assignments_t056_t072_20260107.py",
        "test_tutor_cabinet_t056_t072_20260107.py"
      ],
      "passed": 20,
      "failed": 15,
      "errors": 2,
      "pass_rate": 57.1,
      "status": "PARTIAL",
      "critical_errors": [
        "SubjectEnrollment.Status attribute missing (2 errors)",
        "15 test failures in assignment CRUD operations"
      ]
    },

    "group_4_chat_forum": {
      "name": "Chat & Forum",
      "tests": 12,
      "location": "test_error_handling_20260107.py (partial)",
      "passed": 8,
      "failed": 4,
      "errors": 0,
      "pass_rate": 66.7,
      "status": "PARTIAL",
      "issues": [
        "Chat model imports fixed (ChatRoom instead of Room)",
        "Remaining failures in error handling tests"
      ]
    },

    "group_5_payments_reports": {
      "name": "Payments & Reports",
      "tests": 16,
      "location": "test_finance_reports_T088_T102.py",
      "passed": 1,
      "failed": 0,
      "errors": 15,
      "pass_rate": 6.25,
      "status": "CRITICAL_ISSUES",
      "critical_errors": [
        "Fixture 'student_user' not found in 14 tests",
        "Fixture 'parent_user' not found in 14 tests",
        "conftest.py missing fixture definitions for payment tests"
      ]
    },

    "group_6_profile_settings": {
      "name": "Profile & Settings",
      "tests": 20,
      "location": "test_profile_settings_20260107.py",
      "passed": 14,
      "failed": 6,
      "errors": 0,
      "pass_rate": 70.0,
      "status": "PARTIAL",
      "issues": [
        "6 failures in avatar upload and email change tests",
        "Missing profile serialization fields"
      ]
    },

    "group_7_cross_role_interactions": {
      "name": "Cross-role Interactions",
      "tests": 16,
      "location": "test_tutor_role_interactions_T113_T118.py",
      "passed": 12,
      "failed": 4,
      "errors": 0,
      "pass_rate": 75.0,
      "status": "PARTIAL",
      "issues": [
        "4 failures in teacher assignment tests",
        "Permission checks need verification"
      ]
    },

    "group_8_error_handling": {
      "name": "Error Handling",
      "tests": 26,
      "location": "test_error_handling_20260107.py",
      "passed": 14,
      "failed": 12,
      "errors": 0,
      "pass_rate": 53.8,
      "status": "PARTIAL",
      "issues": [
        "12 failures in error handling and edge case tests",
        "Pagination validation not implemented",
        "Network error simulation tests need fixes"
      ]
    },

    "group_9_edge_cases_performance_security": {
      "name": "Edge Cases, Performance & Security",
      "tests": 48,
      "locations": [
        "test_edge_cases_T119_T130_20260107.py",
        "test_performance_t131_t135_tutor_cabinet_20260107.py",
        "test_security_t136_t141_tutor_cabinet_20260107.py"
      ],
      "passed": 38,
      "failed": 10,
      "errors": 0,
      "pass_rate": 79.2,
      "status": "MOSTLY_OK",
      "issues": [
        "2 concurrent editing race condition tests fail",
        "Null/undefined data validation incomplete"
      ]
    },

    "group_10_e2e_integration": {
      "name": "End-to-End & Nonfunctional",
      "tests": 19,
      "locations": [
        "test_tutor_cabinet_t056_t072_20260107.py (workflow tests)"
      ],
      "passed": 15,
      "failed": 4,
      "errors": 0,
      "pass_rate": 78.9,
      "status": "MOSTLY_OK"
    }
  },

  "critical_issues": [
    {
      "id": "ISSUE_001",
      "title": "Missing Fixture Definitions",
      "severity": "CRITICAL",
      "affected_tests": 14,
      "location": "conftest.py",
      "description": "Fixtures 'student_user' and 'parent_user' not defined in test fixture file",
      "impact": "15 payment tests fail at setup phase",
      "fix": "Add fixture definitions to backend/tests/tutor_cabinet/conftest.py"
    },
    {
      "id": "ISSUE_002",
      "title": "SubjectEnrollment.Status Missing",
      "severity": "CRITICAL",
      "affected_tests": 2,
      "location": "materials/models.py",
      "description": "SubjectEnrollment model missing Status enum definition",
      "impact": "Assignment creation tests fail",
      "fix": "Add Status choices to SubjectEnrollment model"
    },
    {
      "id": "ISSUE_003",
      "title": "Lesson Model Fixture Missing",
      "severity": "CRITICAL",
      "affected_tests": 23,
      "location": "conftest.py",
      "description": "Lesson creation and time fixture not available in test setup",
      "impact": "23 lessons & schedule tests fail at setup",
      "fix": "Add lesson_time and lesson_data fixtures"
    },
    {
      "id": "ISSUE_004",
      "title": "Chat Model Import Fixed",
      "severity": "RESOLVED",
      "description": "ChatRoom model was imported as 'Room' - FIXED",
      "fix_status": "COMPLETED"
    }
  ],

  "high_priority_issues": [
    {
      "title": "Avatar Upload Validation",
      "affected_tests": 3,
      "tests": [
        "test_upload_avatar_success",
        "test_upload_avatar_with_other_fields",
        "test_upload_avatar_overwrites_previous"
      ]
    },
    {
      "title": "Email Duplicate Validation",
      "affected_tests": 1,
      "test": "test_change_to_duplicate_email_returns_error"
    },
    {
      "title": "Lesson Conflict Detection",
      "affected_tests": 2,
      "tests": [
        "test_cancel_lesson_frees_schedule",
        "test_move_lesson_in_schedule"
      ]
    },
    {
      "title": "Pagination Validation",
      "affected_tests": 3,
      "tests": [
        "test_negative_page_number",
        "test_zero_page_number",
        "test_non_numeric_page_parameter"
      ]
    }
  ],

  "medium_priority_issues": [
    {
      "title": "Lesson Edit Operations",
      "affected_tests": 2,
      "status": "FAILED"
    },
    {
      "title": "Assignment CRUD Operations",
      "affected_tests": 15,
      "status": "FAILED"
    },
    {
      "title": "Teacher Assignment Permissions",
      "affected_tests": 4,
      "status": "FAILED"
    }
  ],

  "test_files_summary": {
    "test_dashboard_20260107.py": {
      "tests": 18,
      "passed": 18,
      "failed": 0,
      "status": "PASS"
    },
    "test_lessons_schedule_20260107.py": {
      "tests": 23,
      "passed": 2,
      "failed": 2,
      "errors": 23,
      "status": "CRITICAL"
    },
    "test_lessons_schedule_t037_t055.py": {
      "tests": 14,
      "passed": 8,
      "failed": 2,
      "errors": 4,
      "status": "NEEDS_FIXES"
    },
    "test_assignments_and_grading_20260107.py": {
      "tests": 2,
      "passed": 0,
      "failed": 0,
      "errors": 2,
      "status": "CRITICAL"
    },
    "test_tutor_cabinet_assignments_t056_t072_20260107.py": {
      "tests": 27,
      "passed": 27,
      "failed": 0,
      "status": "PASS"
    },
    "test_tutor_cabinet_t056_t072_20260107.py": {
      "tests": 6,
      "passed": 3,
      "failed": 3,
      "errors": 0,
      "status": "PARTIAL"
    },
    "test_finance_reports_T088_T102.py": {
      "tests": 16,
      "passed": 1,
      "failed": 0,
      "errors": 15,
      "status": "CRITICAL"
    },
    "test_profile_settings_20260107.py": {
      "tests": 20,
      "passed": 14,
      "failed": 6,
      "status": "NEEDS_FIXES"
    },
    "test_tutor_role_interactions_T113_T118.py": {
      "tests": 16,
      "passed": 12,
      "failed": 4,
      "status": "PARTIAL"
    },
    "test_error_handling_20260107.py": {
      "tests": 21,
      "passed": 11,
      "failed": 10,
      "status": "NEEDS_FIXES"
    },
    "test_edge_cases_T119_T130_20260107.py": {
      "tests": 18,
      "passed": 16,
      "failed": 2,
      "status": "MOSTLY_OK"
    }
  },

  "recommendations": {
    "immediate_fixes_needed": [
      {
        "priority": 1,
        "task": "Fix missing fixtures (student_user, parent_user, lesson_time)",
        "impact": "Unblocks 38 tests",
        "estimated_time_minutes": 30
      },
      {
        "priority": 2,
        "task": "Add SubjectEnrollment.Status enum",
        "impact": "Unblocks 2 assignment tests",
        "estimated_time_minutes": 15
      },
      {
        "priority": 3,
        "task": "Implement lesson conflict detection logic",
        "impact": "Fixes 2 schedule tests",
        "estimated_time_minutes": 45
      },
      {
        "priority": 4,
        "task": "Add pagination validation middleware",
        "impact": "Fixes 3 error handling tests",
        "estimated_time_minutes": 25
      }
    ],

    "backend_status": {
      "models": "Partially incomplete - missing Status enum and test fixtures",
      "api_endpoints": "Mostly working - 180/316 tests pass",
      "authentication": "WORKING - Auth tests 100% pass",
      "permissions": "Mostly working - 75%+ pass rate",
      "data_validation": "Needs improvement - error handling only 53% pass"
    },

    "deployment_readiness": {
      "current_status": "NOT_READY",
      "blocking_issues": 3,
      "show_stopper_tests": 51,
      "recommendation": "Fix critical issues before production deployment"
    }
  },

  "test_execution_summary": {
    "start_time": "2026-01-07T00:00:00Z",
    "end_time": "2026-01-07T01:26:50Z",
    "duration_seconds": 86.5,
    "environment_setup": "ENVIRONMENT=test",
    "pytest_version": "9.0.2",
    "python_version": "3.13.7",
    "django_version": "4.2.7"
  },

  "final_assessment": {
    "overall_health": "REQUIRES_FIXES",
    "pass_rate": 56.96,
    "confidence_level": "LOW",
    "production_ready": false,
    "next_actions": [
      "Fix critical fixture issues (Priority 1)",
      "Add missing model enums (Priority 2)",
      "Implement validation logic (Priority 3)",
      "Re-run full test suite after fixes",
      "Target: 90%+ pass rate before production"
    ]
  }
}
