[ERROR] 2026-01-06 21:00:04 django.request log_message:249 - Internal Server Error: /api/auth/login/
[ERROR] 2026-01-06 21:02:21 django.request log_message:249 - Internal Server Error: /api/auth/login/
[ERROR] 2026-01-06 21:02:21 django.request log_message:249 - Internal Server Error: /api/auth/login/
[ERROR] 2026-01-06 21:02:21 django.request log_message:249 - Internal Server Error: /api/auth/login/
[ERROR] 2026-01-06 21:02:21 django.request log_message:249 - Internal Server Error: /api/auth/login/
[ERROR] 2026-01-06 21:03:46 django.request log_message:249 - Internal Server Error: /api/auth/login/
[ERROR] 2026-01-06 21:03:55 django.request log_message:249 - Internal Server Error: /api/auth/login/
[ERROR] 2026-01-06 22:01:34 django.request log_response:241 - Internal Server Error: /api/auth/login/
[ERROR] 2026-01-06 22:15:11 django.request log_response:241 - Internal Server Error: /api/accounts/students/
Traceback (most recent call last):
  File "/home/mego/.local/lib/python3.13/site-packages/django/core/handlers/exception.py", line 55, in inner
    response = get_response(request)
  File "/home/mego/.local/lib/python3.13/site-packages/django/core/handlers/base.py", line 197, in _get_response
    response = wrapped_callback(request, *callback_args, **callback_kwargs)
  File "/home/mego/.local/lib/python3.13/site-packages/django/views/decorators/csrf.py", line 56, in wrapper_view
    return view_func(*args, **kwargs)
  File "/home/mego/.local/lib/python3.13/site-packages/django/views/generic/base.py", line 104, in view
    return self.dispatch(request, *args, **kwargs)
           ~~~~~~~~~~~~~^^^^^^^^^^^^^^^^^^^^^^^^^^
  File "/home/mego/.local/lib/python3.13/site-packages/rest_framework/views.py", line 515, in dispatch
    response = self.handle_exception(exc)
  File "/home/mego/.local/lib/python3.13/site-packages/rest_framework/views.py", line 475, in handle_exception
    self.raise_uncaught_exception(exc)
    ~~~~~~~~~~~~~~~~~~~~~~~~~~~~~^^^^^
  File "/home/mego/.local/lib/python3.13/site-packages/rest_framework/views.py", line 486, in raise_uncaught_exception
    raise exc
  File "/home/mego/.local/lib/python3.13/site-packages/rest_framework/views.py", line 512, in dispatch
    response = handler(request, *args, **kwargs)
  File "/home/mego/.local/lib/python3.13/site-packages/rest_framework/decorators.py", line 50, in handler
    return func(*args, **kwargs)
  File "/home/mego/Python Projects/THE_BOT_platform/backend/accounts/staff_views.py", line 644, in list_students
    page = paginator.paginate_queryset(queryset, request)
  File "/home/mego/.local/lib/python3.13/site-packages/rest_framework/pagination.py", line 222, in paginate_queryset
    return list(self.page)
  File "/home/mego/.local/lib/python3.13/site-packages/django/core/paginator.py", line 174, in __len__
    return len(self.object_list)
  File "/home/mego/.local/lib/python3.13/site-packages/django/db/models/query.py", line 380, in __len__
    self._fetch_all()
    ~~~~~~~~~~~~~~~^^
  File "/home/mego/.local/lib/python3.13/site-packages/django/db/models/query.py", line 1883, in _fetch_all
    self._prefetch_related_objects()
    ~~~~~~~~~~~~~~~~~~~~~~~~~~~~~~^^
  File "/home/mego/.local/lib/python3.13/site-packages/django/db/models/query.py", line 1273, in _prefetch_related_objects
    prefetch_related_objects(self._result_cache, *self._prefetch_related_lookups)
    ~~~~~~~~~~~~~~~~~~~~~~~~^^^^^^^^^^^^^^^^^^^^^^^^^^^^^^^^^^^^^^^^^^^^^^^^^^^^^
  File "/home/mego/.local/lib/python3.13/site-packages/django/db/models/query.py", line 2296, in prefetch_related_objects
    raise AttributeError(
    ...<7 lines>...
    )
AttributeError: Cannot find 'payments' on User object, 'user__payments' is an invalid parameter to prefetch_related()
[ERROR] 2026-01-06 22:20:20 django.request log_response:241 - Internal Server Error: /api/auth/login/
[ERROR] 2026-01-06 22:21:09 django.request log_response:241 - Internal Server Error: /api/admin/schedule/lessons/create/
[ERROR] 2026-01-06 22:21:09 django.request log_response:241 - Internal Server Error: /api/admin/schedule/lessons/create/
[ERROR] 2026-01-06 22:21:10 django.request log_response:241 - Internal Server Error: /api/admin/schedule/lessons/create/
[ERROR] 2026-01-06 22:21:21 django.request log_response:241 - Internal Server Error: /api/admin/schedule/lessons/create/
[ERROR] 2026-01-06 22:21:22 django.request log_response:241 - Internal Server Error: /api/admin/schedule/lessons/create/
[ERROR] 2026-01-06 22:21:26 django.request log_response:241 - Internal Server Error: /api/auth/students/
Traceback (most recent call last):
  File "/home/mego/.local/lib/python3.13/site-packages/django/core/handlers/exception.py", line 55, in inner
    response = get_response(request)
  File "/home/mego/.local/lib/python3.13/site-packages/django/core/handlers/base.py", line 197, in _get_response
    response = wrapped_callback(request, *callback_args, **callback_kwargs)
  File "/home/mego/.local/lib/python3.13/site-packages/django/views/decorators/csrf.py", line 56, in wrapper_view
    return view_func(*args, **kwargs)
  File "/home/mego/.local/lib/python3.13/site-packages/django/views/generic/base.py", line 104, in view
    return self.dispatch(request, *args, **kwargs)
           ~~~~~~~~~~~~~^^^^^^^^^^^^^^^^^^^^^^^^^^
  File "/home/mego/.local/lib/python3.13/site-packages/rest_framework/views.py", line 515, in dispatch
    response = self.handle_exception(exc)
  File "/home/mego/.local/lib/python3.13/site-packages/rest_framework/views.py", line 475, in handle_exception
    self.raise_uncaught_exception(exc)
    ~~~~~~~~~~~~~~~~~~~~~~~~~~~~~^^^^^
  File "/home/mego/.local/lib/python3.13/site-packages/rest_framework/views.py", line 486, in raise_uncaught_exception
    raise exc
  File "/home/mego/.local/lib/python3.13/site-packages/rest_framework/views.py", line 512, in dispatch
    response = handler(request, *args, **kwargs)
  File "/home/mego/.local/lib/python3.13/site-packages/rest_framework/decorators.py", line 50, in handler
    return func(*args, **kwargs)
  File "/home/mego/Python Projects/THE_BOT_platform/backend/accounts/staff_views.py", line 644, in list_students
    page = paginator.paginate_queryset(queryset, request)
  File "/home/mego/.local/lib/python3.13/site-packages/rest_framework/pagination.py", line 222, in paginate_queryset
    return list(self.page)
  File "/home/mego/.local/lib/python3.13/site-packages/django/core/paginator.py", line 174, in __len__
    return len(self.object_list)
  File "/home/mego/.local/lib/python3.13/site-packages/django/db/models/query.py", line 380, in __len__
    self._fetch_all()
    ~~~~~~~~~~~~~~~^^
  File "/home/mego/.local/lib/python3.13/site-packages/django/db/models/query.py", line 1883, in _fetch_all
    self._prefetch_related_objects()
    ~~~~~~~~~~~~~~~~~~~~~~~~~~~~~~^^
  File "/home/mego/.local/lib/python3.13/site-packages/django/db/models/query.py", line 1273, in _prefetch_related_objects
    prefetch_related_objects(self._result_cache, *self._prefetch_related_lookups)
    ~~~~~~~~~~~~~~~~~~~~~~~~^^^^^^^^^^^^^^^^^^^^^^^^^^^^^^^^^^^^^^^^^^^^^^^^^^^^^
  File "/home/mego/.local/lib/python3.13/site-packages/django/db/models/query.py", line 2296, in prefetch_related_objects
    raise AttributeError(
    ...<7 lines>...
    )
AttributeError: Cannot find 'payments' on User object, 'user__payments' is an invalid parameter to prefetch_related()
[ERROR] 2026-01-06 22:22:10 django.request log_response:241 - Internal Server Error: /api/admin/schedule/lessons/create/
[ERROR] 2026-01-06 22:22:28 django.request log_response:241 - Internal Server Error: /api/admin/schedule/lessons/create/
[ERROR] 2026-01-06 22:23:00 django.request log_response:241 - Internal Server Error: /api/admin/schedule/lessons/create/
[ERROR] 2026-01-06 22:23:18 django.request log_response:241 - Internal Server Error: /api/admin/schedule/lessons/create/
[ERROR] 2026-01-06 22:24:32 django.request log_response:241 - Internal Server Error: /api/admin/schedule/lessons/create/
[ERROR] 2026-01-06 22:24:35 django.request log_response:241 - Internal Server Error: /api/chat/rooms/
Traceback (most recent call last):
  File "/home/mego/.local/lib/python3.13/site-packages/django/core/handlers/exception.py", line 55, in inner
    response = get_response(request)
  File "/home/mego/.local/lib/python3.13/site-packages/django/core/handlers/base.py", line 197, in _get_response
    response = wrapped_callback(request, *callback_args, **callback_kwargs)
  File "/home/mego/.local/lib/python3.13/site-packages/django/views/decorators/csrf.py", line 56, in wrapper_view
    return view_func(*args, **kwargs)
  File "/home/mego/.local/lib/python3.13/site-packages/rest_framework/viewsets.py", line 125, in view
    return self.dispatch(request, *args, **kwargs)
           ~~~~~~~~~~~~~^^^^^^^^^^^^^^^^^^^^^^^^^^
  File "/home/mego/.local/lib/python3.13/site-packages/rest_framework/views.py", line 515, in dispatch
    response = self.handle_exception(exc)
  File "/home/mego/.local/lib/python3.13/site-packages/rest_framework/views.py", line 475, in handle_exception
    self.raise_uncaught_exception(exc)
    ~~~~~~~~~~~~~~~~~~~~~~~~~~~~~^^^^^
  File "/home/mego/.local/lib/python3.13/site-packages/rest_framework/views.py", line 486, in raise_uncaught_exception
    raise exc
  File "/home/mego/.local/lib/python3.13/site-packages/rest_framework/views.py", line 512, in dispatch
    response = handler(request, *args, **kwargs)
  File "/home/mego/.local/lib/python3.13/site-packages/rest_framework/mixins.py", line 19, in create
    self.perform_create(serializer)
    ~~~~~~~~~~~~~~~~~~~^^^^^^^^^^^^
  File "/home/mego/Python Projects/THE_BOT_platform/backend/chat/views.py", line 63, in perform_create
    room = serializer.save(created_by=self.request.user)
  File "/home/mego/.local/lib/python3.13/site-packages/rest_framework/serializers.py", line 210, in save
    self.instance = self.create(validated_data)
                    ~~~~~~~~~~~^^^^^^^^^^^^^^^^
  File "/home/mego/Python Projects/THE_BOT_platform/backend/chat/serializers.py", line 171, in create
    room = ChatRoom.objects.create(
        created_by=self.context["request"].user, **validated_data
    )
TypeError: django.db.models.query.QuerySet.create() got multiple values for keyword argument 'created_by'
[ERROR] 2026-01-06 22:24:42 django.request log_response:241 - Internal Server Error: /api/admin/schedule/lessons/create/
[ERROR] 2026-01-06 22:24:55 django.request log_response:241 - Internal Server Error: /api/chat/rooms/
Traceback (most recent call last):
  File "/home/mego/.local/lib/python3.13/site-packages/django/core/handlers/exception.py", line 55, in inner
    response = get_response(request)
  File "/home/mego/.local/lib/python3.13/site-packages/django/core/handlers/base.py", line 197, in _get_response
    response = wrapped_callback(request, *callback_args, **callback_kwargs)
  File "/home/mego/.local/lib/python3.13/site-packages/django/views/decorators/csrf.py", line 56, in wrapper_view
    return view_func(*args, **kwargs)
  File "/home/mego/.local/lib/python3.13/site-packages/rest_framework/viewsets.py", line 125, in view
    return self.dispatch(request, *args, **kwargs)
           ~~~~~~~~~~~~~^^^^^^^^^^^^^^^^^^^^^^^^^^
  File "/home/mego/.local/lib/python3.13/site-packages/rest_framework/views.py", line 515, in dispatch
    response = self.handle_exception(exc)
  File "/home/mego/.local/lib/python3.13/site-packages/rest_framework/views.py", line 475, in handle_exception
    self.raise_uncaught_exception(exc)
    ~~~~~~~~~~~~~~~~~~~~~~~~~~~~~^^^^^
  File "/home/mego/.local/lib/python3.13/site-packages/rest_framework/views.py", line 486, in raise_uncaught_exception
    raise exc
  File "/home/mego/.local/lib/python3.13/site-packages/rest_framework/views.py", line 512, in dispatch
    response = handler(request, *args, **kwargs)
  File "/home/mego/.local/lib/python3.13/site-packages/rest_framework/mixins.py", line 19, in create
    self.perform_create(serializer)
    ~~~~~~~~~~~~~~~~~~~^^^^^^^^^^^^
  File "/home/mego/Python Projects/THE_BOT_platform/backend/chat/views.py", line 63, in perform_create
    room = serializer.save(created_by=self.request.user)
  File "/home/mego/.local/lib/python3.13/site-packages/rest_framework/serializers.py", line 210, in save
    self.instance = self.create(validated_data)
                    ~~~~~~~~~~~^^^^^^^^^^^^^^^^
  File "/home/mego/Python Projects/THE_BOT_platform/backend/chat/serializers.py", line 171, in create
    room = ChatRoom.objects.create(
        created_by=self.context["request"].user, **validated_data
    )
TypeError: django.db.models.query.QuerySet.create() got multiple values for keyword argument 'created_by'
[ERROR] 2026-01-06 22:28:29 django.request log_response:241 - Internal Server Error: /api/accounts/admin/users/4737/full-info/
Traceback (most recent call last):
  File "/home/mego/.local/lib/python3.13/site-packages/django/core/handlers/exception.py", line 55, in inner
    response = get_response(request)
  File "/home/mego/.local/lib/python3.13/site-packages/django/core/handlers/base.py", line 197, in _get_response
    response = wrapped_callback(request, *callback_args, **callback_kwargs)
  File "/home/mego/.local/lib/python3.13/site-packages/django/views/decorators/csrf.py", line 56, in wrapper_view
    return view_func(*args, **kwargs)
  File "/home/mego/.local/lib/python3.13/site-packages/django/views/generic/base.py", line 104, in view
    return self.dispatch(request, *args, **kwargs)
           ~~~~~~~~~~~~~^^^^^^^^^^^^^^^^^^^^^^^^^^
  File "/home/mego/.local/lib/python3.13/site-packages/rest_framework/views.py", line 515, in dispatch
    response = self.handle_exception(exc)
  File "/home/mego/.local/lib/python3.13/site-packages/rest_framework/views.py", line 475, in handle_exception
    self.raise_uncaught_exception(exc)
    ~~~~~~~~~~~~~~~~~~~~~~~~~~~~~^^^^^
  File "/home/mego/.local/lib/python3.13/site-packages/rest_framework/views.py", line 486, in raise_uncaught_exception
    raise exc
  File "/home/mego/.local/lib/python3.13/site-packages/rest_framework/views.py", line 512, in dispatch
    response = handler(request, *args, **kwargs)
  File "/home/mego/Python Projects/THE_BOT_platform/backend/accounts/profile_views.py", line 1111, in get
    for enrollment in enrollments_qs:
                      ^^^^^^^^^^^^^^
  File "/home/mego/.local/lib/python3.13/site-packages/django/db/models/query.py", line 398, in __iter__
    self._fetch_all()
    ~~~~~~~~~~~~~~~^^
  File "/home/mego/.local/lib/python3.13/site-packages/django/db/models/query.py", line 1881, in _fetch_all
    self._result_cache = list(self._iterable_class(self))
                         ~~~~^^^^^^^^^^^^^^^^^^^^^^^^^^^^
  File "/home/mego/.local/lib/python3.13/site-packages/django/db/models/query.py", line 91, in __iter__
    results = compiler.execute_sql(
        chunked_fetch=self.chunked_fetch, chunk_size=self.chunk_size
    )
  File "/home/mego/.local/lib/python3.13/site-packages/django/db/models/sql/compiler.py", line 1549, in execute_sql
    sql, params = self.as_sql()
                  ~~~~~~~~~~~^^
  File "/home/mego/.local/lib/python3.13/site-packages/django/db/models/sql/compiler.py", line 736, in as_sql
    extra_select, order_by, group_by = self.pre_sql_setup(
                                       ~~~~~~~~~~~~~~~~~~^
        with_col_aliases=with_col_aliases or bool(combinator),
        ^^^^^^^^^^^^^^^^^^^^^^^^^^^^^^^^^^^^^^^^^^^^^^^^^^^^^^
    )
    ^
  File "/home/mego/.local/lib/python3.13/site-packages/django/db/models/sql/compiler.py", line 84, in pre_sql_setup
    self.setup_query(with_col_aliases=with_col_aliases)
    ~~~~~~~~~~~~~~~~^^^^^^^^^^^^^^^^^^^^^^^^^^^^^^^^^^^
  File "/home/mego/.local/lib/python3.13/site-packages/django/db/models/sql/compiler.py", line 73, in setup_query
    self.select, self.klass_info, self.annotation_col_map = self.get_select(
                                                            ~~~~~~~~~~~~~~~^
        with_col_aliases=with_col_aliases,
        ^^^^^^^^^^^^^^^^^^^^^^^^^^^^^^^^^^
    )
    ^
  File "/home/mego/.local/lib/python3.13/site-packages/django/db/models/sql/compiler.py", line 279, in get_select
    related_klass_infos = self.get_related_selections(select, select_mask)
  File "/home/mego/.local/lib/python3.13/site-packages/django/db/models/sql/compiler.py", line 1367, in get_related_selections
    raise FieldError(
    ...<6 lines>...
    )
django.core.exceptions.FieldError: Invalid field name(s) given in select_related: 'tutor'. Choices are: student, subject, teacher, assigned_by, subscription
[ERROR] 2026-01-06 22:28:30 django.request log_response:241 - Internal Server Error: /api/accounts/students/
Traceback (most recent call last):
  File "/home/mego/.local/lib/python3.13/site-packages/django/core/handlers/exception.py", line 55, in inner
    response = get_response(request)
  File "/home/mego/.local/lib/python3.13/site-packages/django/core/handlers/base.py", line 197, in _get_response
    response = wrapped_callback(request, *callback_args, **callback_kwargs)
  File "/home/mego/.local/lib/python3.13/site-packages/django/views/decorators/csrf.py", line 56, in wrapper_view
    return view_func(*args, **kwargs)
  File "/home/mego/.local/lib/python3.13/site-packages/django/views/generic/base.py", line 104, in view
    return self.dispatch(request, *args, **kwargs)
           ~~~~~~~~~~~~~^^^^^^^^^^^^^^^^^^^^^^^^^^
  File "/home/mego/.local/lib/python3.13/site-packages/rest_framework/views.py", line 515, in dispatch
    response = self.handle_exception(exc)
  File "/home/mego/.local/lib/python3.13/site-packages/rest_framework/views.py", line 475, in handle_exception
    self.raise_uncaught_exception(exc)
    ~~~~~~~~~~~~~~~~~~~~~~~~~~~~~^^^^^
  File "/home/mego/.local/lib/python3.13/site-packages/rest_framework/views.py", line 486, in raise_uncaught_exception
    raise exc
  File "/home/mego/.local/lib/python3.13/site-packages/rest_framework/views.py", line 512, in dispatch
    response = handler(request, *args, **kwargs)
  File "/home/mego/.local/lib/python3.13/site-packages/rest_framework/decorators.py", line 50, in handler
    return func(*args, **kwargs)
  File "/home/mego/Python Projects/THE_BOT_platform/backend/accounts/staff_views.py", line 644, in list_students
    page = paginator.paginate_queryset(queryset, request)
  File "/home/mego/.local/lib/python3.13/site-packages/rest_framework/pagination.py", line 222, in paginate_queryset
    return list(self.page)
  File "/home/mego/.local/lib/python3.13/site-packages/django/core/paginator.py", line 174, in __len__
    return len(self.object_list)
  File "/home/mego/.local/lib/python3.13/site-packages/django/db/models/query.py", line 380, in __len__
    self._fetch_all()
    ~~~~~~~~~~~~~~~^^
  File "/home/mego/.local/lib/python3.13/site-packages/django/db/models/query.py", line 1883, in _fetch_all
    self._prefetch_related_objects()
    ~~~~~~~~~~~~~~~~~~~~~~~~~~~~~~^^
  File "/home/mego/.local/lib/python3.13/site-packages/django/db/models/query.py", line 1273, in _prefetch_related_objects
    prefetch_related_objects(self._result_cache, *self._prefetch_related_lookups)
    ~~~~~~~~~~~~~~~~~~~~~~~~^^^^^^^^^^^^^^^^^^^^^^^^^^^^^^^^^^^^^^^^^^^^^^^^^^^^^
  File "/home/mego/.local/lib/python3.13/site-packages/django/db/models/query.py", line 2296, in prefetch_related_objects
    raise AttributeError(
    ...<7 lines>...
    )
AttributeError: Cannot find 'payments' on User object, 'user__payments' is an invalid parameter to prefetch_related()
[ERROR] 2026-01-06 22:28:32 django.request log_response:241 - Internal Server Error: /api/auth/login/
[ERROR] 2026-01-06 22:28:58 django.request log_response:241 - Internal Server Error: /api/accounts/admin/users/4894/full-info/
Traceback (most recent call last):
  File "/home/mego/.local/lib/python3.13/site-packages/django/core/handlers/exception.py", line 55, in inner
    response = get_response(request)
  File "/home/mego/.local/lib/python3.13/site-packages/django/core/handlers/base.py", line 197, in _get_response
    response = wrapped_callback(request, *callback_args, **callback_kwargs)
  File "/home/mego/.local/lib/python3.13/site-packages/django/views/decorators/csrf.py", line 56, in wrapper_view
    return view_func(*args, **kwargs)
  File "/home/mego/.local/lib/python3.13/site-packages/django/views/generic/base.py", line 104, in view
    return self.dispatch(request, *args, **kwargs)
           ~~~~~~~~~~~~~^^^^^^^^^^^^^^^^^^^^^^^^^^
  File "/home/mego/.local/lib/python3.13/site-packages/rest_framework/views.py", line 515, in dispatch
    response = self.handle_exception(exc)
  File "/home/mego/.local/lib/python3.13/site-packages/rest_framework/views.py", line 475, in handle_exception
    self.raise_uncaught_exception(exc)
    ~~~~~~~~~~~~~~~~~~~~~~~~~~~~~^^^^^
  File "/home/mego/.local/lib/python3.13/site-packages/rest_framework/views.py", line 486, in raise_uncaught_exception
    raise exc
  File "/home/mego/.local/lib/python3.13/site-packages/rest_framework/views.py", line 512, in dispatch
    response = handler(request, *args, **kwargs)
  File "/home/mego/Python Projects/THE_BOT_platform/backend/accounts/profile_views.py", line 1111, in get
    for enrollment in enrollments_qs:
                      ^^^^^^^^^^^^^^
  File "/home/mego/.local/lib/python3.13/site-packages/django/db/models/query.py", line 398, in __iter__
    self._fetch_all()
    ~~~~~~~~~~~~~~~^^
  File "/home/mego/.local/lib/python3.13/site-packages/django/db/models/query.py", line 1881, in _fetch_all
    self._result_cache = list(self._iterable_class(self))
                         ~~~~^^^^^^^^^^^^^^^^^^^^^^^^^^^^
  File "/home/mego/.local/lib/python3.13/site-packages/django/db/models/query.py", line 91, in __iter__
    results = compiler.execute_sql(
        chunked_fetch=self.chunked_fetch, chunk_size=self.chunk_size
    )
  File "/home/mego/.local/lib/python3.13/site-packages/django/db/models/sql/compiler.py", line 1549, in execute_sql
    sql, params = self.as_sql()
                  ~~~~~~~~~~~^^
  File "/home/mego/.local/lib/python3.13/site-packages/django/db/models/sql/compiler.py", line 736, in as_sql
    extra_select, order_by, group_by = self.pre_sql_setup(
                                       ~~~~~~~~~~~~~~~~~~^
        with_col_aliases=with_col_aliases or bool(combinator),
        ^^^^^^^^^^^^^^^^^^^^^^^^^^^^^^^^^^^^^^^^^^^^^^^^^^^^^^
    )
    ^
  File "/home/mego/.local/lib/python3.13/site-packages/django/db/models/sql/compiler.py", line 84, in pre_sql_setup
    self.setup_query(with_col_aliases=with_col_aliases)
    ~~~~~~~~~~~~~~~~^^^^^^^^^^^^^^^^^^^^^^^^^^^^^^^^^^^
  File "/home/mego/.local/lib/python3.13/site-packages/django/db/models/sql/compiler.py", line 73, in setup_query
    self.select, self.klass_info, self.annotation_col_map = self.get_select(
                                                            ~~~~~~~~~~~~~~~^
        with_col_aliases=with_col_aliases,
        ^^^^^^^^^^^^^^^^^^^^^^^^^^^^^^^^^^
    )
    ^
  File "/home/mego/.local/lib/python3.13/site-packages/django/db/models/sql/compiler.py", line 279, in get_select
    related_klass_infos = self.get_related_selections(select, select_mask)
  File "/home/mego/.local/lib/python3.13/site-packages/django/db/models/sql/compiler.py", line 1367, in get_related_selections
    raise FieldError(
    ...<6 lines>...
    )
django.core.exceptions.FieldError: Invalid field name(s) given in select_related: 'tutor'. Choices are: student, subject, teacher, assigned_by, subscription
[ERROR] 2026-01-06 22:28:59 django.request log_response:241 - Internal Server Error: /api/accounts/students/
Traceback (most recent call last):
  File "/home/mego/.local/lib/python3.13/site-packages/django/core/handlers/exception.py", line 55, in inner
    response = get_response(request)
  File "/home/mego/.local/lib/python3.13/site-packages/django/core/handlers/base.py", line 197, in _get_response
    response = wrapped_callback(request, *callback_args, **callback_kwargs)
  File "/home/mego/.local/lib/python3.13/site-packages/django/views/decorators/csrf.py", line 56, in wrapper_view
    return view_func(*args, **kwargs)
  File "/home/mego/.local/lib/python3.13/site-packages/django/views/generic/base.py", line 104, in view
    return self.dispatch(request, *args, **kwargs)
           ~~~~~~~~~~~~~^^^^^^^^^^^^^^^^^^^^^^^^^^
  File "/home/mego/.local/lib/python3.13/site-packages/rest_framework/views.py", line 515, in dispatch
    response = self.handle_exception(exc)
  File "/home/mego/.local/lib/python3.13/site-packages/rest_framework/views.py", line 475, in handle_exception
    self.raise_uncaught_exception(exc)
    ~~~~~~~~~~~~~~~~~~~~~~~~~~~~~^^^^^
  File "/home/mego/.local/lib/python3.13/site-packages/rest_framework/views.py", line 486, in raise_uncaught_exception
    raise exc
  File "/home/mego/.local/lib/python3.13/site-packages/rest_framework/views.py", line 512, in dispatch
    response = handler(request, *args, **kwargs)
  File "/home/mego/.local/lib/python3.13/site-packages/rest_framework/decorators.py", line 50, in handler
    return func(*args, **kwargs)
  File "/home/mego/Python Projects/THE_BOT_platform/backend/accounts/staff_views.py", line 644, in list_students
    page = paginator.paginate_queryset(queryset, request)
  File "/home/mego/.local/lib/python3.13/site-packages/rest_framework/pagination.py", line 222, in paginate_queryset
    return list(self.page)
  File "/home/mego/.local/lib/python3.13/site-packages/django/core/paginator.py", line 174, in __len__
    return len(self.object_list)
  File "/home/mego/.local/lib/python3.13/site-packages/django/db/models/query.py", line 380, in __len__
    self._fetch_all()
    ~~~~~~~~~~~~~~~^^
  File "/home/mego/.local/lib/python3.13/site-packages/django/db/models/query.py", line 1883, in _fetch_all
    self._prefetch_related_objects()
    ~~~~~~~~~~~~~~~~~~~~~~~~~~~~~~^^
  File "/home/mego/.local/lib/python3.13/site-packages/django/db/models/query.py", line 1273, in _prefetch_related_objects
    prefetch_related_objects(self._result_cache, *self._prefetch_related_lookups)
    ~~~~~~~~~~~~~~~~~~~~~~~~^^^^^^^^^^^^^^^^^^^^^^^^^^^^^^^^^^^^^^^^^^^^^^^^^^^^^
  File "/home/mego/.local/lib/python3.13/site-packages/django/db/models/query.py", line 2296, in prefetch_related_objects
    raise AttributeError(
    ...<7 lines>...
    )
AttributeError: Cannot find 'payments' on User object, 'user__payments' is an invalid parameter to prefetch_related()
[ERROR] 2026-01-06 22:29:32 django.request log_response:241 - Internal Server Error: /api/auth/login/
[ERROR] 2026-01-06 22:33:40 django.request log_response:241 - Internal Server Error: /api/accounts/users/
Traceback (most recent call last):
  File "/home/mego/.local/lib/python3.13/site-packages/django/db/backends/utils.py", line 89, in _execute
    return self.cursor.execute(sql, params)
           ~~~~~~~~~~~~~~~~~~~^^^^^^^^^^^^^
  File "/home/mego/.local/lib/python3.13/site-packages/psycopg/cursor.py", line 97, in execute
    raise ex.with_traceback(None)
psycopg.errors.DeadlockDetected: deadlock detected
LINE 1: ...counts_studentprofile"."user_id") LEFT OUTER JOIN "accounts_...
                                                             ^
DETAIL:  Process 836658 waits for AccessShareLock on relation 4658700 of database 4658533; blocked by process 836074.
Process 836074 waits for AccessExclusiveLock on relation 4659686 of database 4658533; blocked by process 836658.
HINT:  See server log for query details.

The above exception was the direct cause of the following exception:

Traceback (most recent call last):
  File "/home/mego/.local/lib/python3.13/site-packages/django/core/handlers/exception.py", line 55, in inner
    response = get_response(request)
  File "/home/mego/.local/lib/python3.13/site-packages/django/core/handlers/base.py", line 197, in _get_response
    response = wrapped_callback(request, *callback_args, **callback_kwargs)
  File "/home/mego/.local/lib/python3.13/site-packages/django/views/decorators/csrf.py", line 56, in wrapper_view
    return view_func(*args, **kwargs)
  File "/home/mego/.local/lib/python3.13/site-packages/django/views/generic/base.py", line 104, in view
    return self.dispatch(request, *args, **kwargs)
           ~~~~~~~~~~~~~^^^^^^^^^^^^^^^^^^^^^^^^^^
  File "/home/mego/.local/lib/python3.13/site-packages/rest_framework/views.py", line 515, in dispatch
    response = self.handle_exception(exc)
  File "/home/mego/.local/lib/python3.13/site-packages/rest_framework/views.py", line 475, in handle_exception
    self.raise_uncaught_exception(exc)
    ~~~~~~~~~~~~~~~~~~~~~~~~~~~~~^^^^^
  File "/home/mego/.local/lib/python3.13/site-packages/rest_framework/views.py", line 486, in raise_uncaught_exception
    raise exc
  File "/home/mego/.local/lib/python3.13/site-packages/rest_framework/views.py", line 512, in dispatch
    response = handler(request, *args, **kwargs)
  File "/home/mego/.local/lib/python3.13/site-packages/rest_framework/decorators.py", line 50, in handler
    return func(*args, **kwargs)
  File "/home/mego/Python Projects/THE_BOT_platform/backend/accounts/views.py", line 596, in list_users
    f"[list_users] Retrieved {len(serializer.data)} users (role filter: {role})"
                                  ^^^^^^^^^^^^^^^
  File "/home/mego/.local/lib/python3.13/site-packages/rest_framework/serializers.py", line 797, in data
    ret = super().data
          ^^^^^^^^^^^^
  File "/home/mego/.local/lib/python3.13/site-packages/rest_framework/serializers.py", line 251, in data
    self._data = self.to_representation(self.instance)
                 ~~~~~~~~~~~~~~~~~~~~~~^^^^^^^^^^^^^^^
  File "/home/mego/.local/lib/python3.13/site-packages/rest_framework/serializers.py", line 716, in to_representation
    self.child.to_representation(item) for item in iterable
                                                   ^^^^^^^^
  File "/home/mego/.local/lib/python3.13/site-packages/django/db/models/query.py", line 398, in __iter__
    self._fetch_all()
    ~~~~~~~~~~~~~~~^^
  File "/home/mego/.local/lib/python3.13/site-packages/django/db/models/query.py", line 1881, in _fetch_all
    self._result_cache = list(self._iterable_class(self))
                         ~~~~^^^^^^^^^^^^^^^^^^^^^^^^^^^^
  File "/home/mego/.local/lib/python3.13/site-packages/django/db/models/query.py", line 91, in __iter__
    results = compiler.execute_sql(
        chunked_fetch=self.chunked_fetch, chunk_size=self.chunk_size
    )
  File "/home/mego/.local/lib/python3.13/site-packages/django/db/models/sql/compiler.py", line 1562, in execute_sql
    cursor.execute(sql, params)
    ~~~~~~~~~~~~~~^^^^^^^^^^^^^
  File "/home/mego/.local/lib/python3.13/site-packages/django/db/backends/utils.py", line 67, in execute
    return self._execute_with_wrappers(
           ~~~~~~~~~~~~~~~~~~~~~~~~~~~^
        sql, params, many=False, executor=self._execute
        ^^^^^^^^^^^^^^^^^^^^^^^^^^^^^^^^^^^^^^^^^^^^^^^
    )
    ^
  File "/home/mego/.local/lib/python3.13/site-packages/django/db/backends/utils.py", line 80, in _execute_with_wrappers
    return executor(sql, params, many, context)
  File "/home/mego/.local/lib/python3.13/site-packages/django/db/backends/utils.py", line 84, in _execute
    with self.db.wrap_database_errors:
         ^^^^^^^^^^^^^^^^^^^^^^^^^^^^
  File "/home/mego/.local/lib/python3.13/site-packages/django/db/utils.py", line 91, in __exit__
    raise dj_exc_value.with_traceback(traceback) from exc_value
  File "/home/mego/.local/lib/python3.13/site-packages/django/db/backends/utils.py", line 89, in _execute
    return self.cursor.execute(sql, params)
           ~~~~~~~~~~~~~~~~~~~^^^^^^^^^^^^^
  File "/home/mego/.local/lib/python3.13/site-packages/psycopg/cursor.py", line 97, in execute
    raise ex.with_traceback(None)
django.db.utils.OperationalError: deadlock detected
LINE 1: ...counts_studentprofile"."user_id") LEFT OUTER JOIN "accounts_...
                                                             ^
DETAIL:  Process 836658 waits for AccessShareLock on relation 4658700 of database 4658533; blocked by process 836074.
Process 836074 waits for AccessExclusiveLock on relation 4659686 of database 4658533; blocked by process 836658.
HINT:  See server log for query details.
[ERROR] 2026-01-06 22:34:13 django.request log_response:241 - Internal Server Error: /api/accounts/users/
Traceback (most recent call last):
  File "/home/mego/.local/lib/python3.13/site-packages/django/db/backends/utils.py", line 89, in _execute
    return self.cursor.execute(sql, params)
           ~~~~~~~~~~~~~~~~~~~^^^^^^^^^^^^^
  File "/home/mego/.local/lib/python3.13/site-packages/psycopg/cursor.py", line 97, in execute
    raise ex.with_traceback(None)
psycopg.errors.DeadlockDetected: deadlock detected
LINE 1: ...counts_teacherprofile"."user_id") LEFT OUTER JOIN "accounts_...
                                                             ^
DETAIL:  Process 836658 waits for AccessShareLock on relation 4658659 of database 4658533; blocked by process 837577.
Process 837577 waits for AccessExclusiveLock on relation 4658678 of database 4658533; blocked by process 836658.
HINT:  See server log for query details.

The above exception was the direct cause of the following exception:

Traceback (most recent call last):
  File "/home/mego/.local/lib/python3.13/site-packages/django/core/handlers/exception.py", line 55, in inner
    response = get_response(request)
  File "/home/mego/.local/lib/python3.13/site-packages/django/core/handlers/base.py", line 197, in _get_response
    response = wrapped_callback(request, *callback_args, **callback_kwargs)
  File "/home/mego/.local/lib/python3.13/site-packages/django/views/decorators/csrf.py", line 56, in wrapper_view
    return view_func(*args, **kwargs)
  File "/home/mego/.local/lib/python3.13/site-packages/django/views/generic/base.py", line 104, in view
    return self.dispatch(request, *args, **kwargs)
           ~~~~~~~~~~~~~^^^^^^^^^^^^^^^^^^^^^^^^^^
  File "/home/mego/.local/lib/python3.13/site-packages/rest_framework/views.py", line 515, in dispatch
    response = self.handle_exception(exc)
  File "/home/mego/.local/lib/python3.13/site-packages/rest_framework/views.py", line 475, in handle_exception
    self.raise_uncaught_exception(exc)
    ~~~~~~~~~~~~~~~~~~~~~~~~~~~~~^^^^^
  File "/home/mego/.local/lib/python3.13/site-packages/rest_framework/views.py", line 486, in raise_uncaught_exception
    raise exc
  File "/home/mego/.local/lib/python3.13/site-packages/rest_framework/views.py", line 512, in dispatch
    response = handler(request, *args, **kwargs)
  File "/home/mego/.local/lib/python3.13/site-packages/rest_framework/decorators.py", line 50, in handler
    return func(*args, **kwargs)
  File "/home/mego/Python Projects/THE_BOT_platform/backend/accounts/views.py", line 596, in list_users
    f"[list_users] Retrieved {len(serializer.data)} users (role filter: {role})"
                                  ^^^^^^^^^^^^^^^
  File "/home/mego/.local/lib/python3.13/site-packages/rest_framework/serializers.py", line 797, in data
    ret = super().data
          ^^^^^^^^^^^^
  File "/home/mego/.local/lib/python3.13/site-packages/rest_framework/serializers.py", line 251, in data
    self._data = self.to_representation(self.instance)
                 ~~~~~~~~~~~~~~~~~~~~~~^^^^^^^^^^^^^^^
  File "/home/mego/.local/lib/python3.13/site-packages/rest_framework/serializers.py", line 716, in to_representation
    self.child.to_representation(item) for item in iterable
                                                   ^^^^^^^^
  File "/home/mego/.local/lib/python3.13/site-packages/django/db/models/query.py", line 398, in __iter__
    self._fetch_all()
    ~~~~~~~~~~~~~~~^^
  File "/home/mego/.local/lib/python3.13/site-packages/django/db/models/query.py", line 1881, in _fetch_all
    self._result_cache = list(self._iterable_class(self))
                         ~~~~^^^^^^^^^^^^^^^^^^^^^^^^^^^^
  File "/home/mego/.local/lib/python3.13/site-packages/django/db/models/query.py", line 91, in __iter__
    results = compiler.execute_sql(
        chunked_fetch=self.chunked_fetch, chunk_size=self.chunk_size
    )
  File "/home/mego/.local/lib/python3.13/site-packages/django/db/models/sql/compiler.py", line 1562, in execute_sql
    cursor.execute(sql, params)
    ~~~~~~~~~~~~~~^^^^^^^^^^^^^
  File "/home/mego/.local/lib/python3.13/site-packages/django/db/backends/utils.py", line 67, in execute
    return self._execute_with_wrappers(
           ~~~~~~~~~~~~~~~~~~~~~~~~~~~^
        sql, params, many=False, executor=self._execute
        ^^^^^^^^^^^^^^^^^^^^^^^^^^^^^^^^^^^^^^^^^^^^^^^
    )
    ^
  File "/home/mego/.local/lib/python3.13/site-packages/django/db/backends/utils.py", line 80, in _execute_with_wrappers
    return executor(sql, params, many, context)
  File "/home/mego/.local/lib/python3.13/site-packages/django/db/backends/utils.py", line 84, in _execute
    with self.db.wrap_database_errors:
         ^^^^^^^^^^^^^^^^^^^^^^^^^^^^
  File "/home/mego/.local/lib/python3.13/site-packages/django/db/utils.py", line 91, in __exit__
    raise dj_exc_value.with_traceback(traceback) from exc_value
  File "/home/mego/.local/lib/python3.13/site-packages/django/db/backends/utils.py", line 89, in _execute
    return self.cursor.execute(sql, params)
           ~~~~~~~~~~~~~~~~~~~^^^^^^^^^^^^^
  File "/home/mego/.local/lib/python3.13/site-packages/psycopg/cursor.py", line 97, in execute
    raise ex.with_traceback(None)
django.db.utils.OperationalError: deadlock detected
LINE 1: ...counts_teacherprofile"."user_id") LEFT OUTER JOIN "accounts_...
                                                             ^
DETAIL:  Process 836658 waits for AccessShareLock on relation 4658659 of database 4658533; blocked by process 837577.
Process 837577 waits for AccessExclusiveLock on relation 4658678 of database 4658533; blocked by process 836658.
HINT:  See server log for query details.
[ERROR] 2026-01-06 22:36:27 django.request log_response:241 - Internal Server Error: /api/materials/parent/
[ERROR] 2026-01-06 22:38:09 django.request log_response:241 - Internal Server Error: /api/chat/rooms/
Traceback (most recent call last):
  File "/home/mego/.local/lib/python3.13/site-packages/django/core/handlers/exception.py", line 55, in inner
    response = get_response(request)
  File "/home/mego/.local/lib/python3.13/site-packages/django/core/handlers/base.py", line 197, in _get_response
    response = wrapped_callback(request, *callback_args, **callback_kwargs)
  File "/home/mego/.local/lib/python3.13/site-packages/django/views/decorators/csrf.py", line 56, in wrapper_view
    return view_func(*args, **kwargs)
  File "/home/mego/.local/lib/python3.13/site-packages/rest_framework/viewsets.py", line 125, in view
    return self.dispatch(request, *args, **kwargs)
           ~~~~~~~~~~~~~^^^^^^^^^^^^^^^^^^^^^^^^^^
  File "/home/mego/.local/lib/python3.13/site-packages/rest_framework/views.py", line 515, in dispatch
    response = self.handle_exception(exc)
  File "/home/mego/.local/lib/python3.13/site-packages/rest_framework/views.py", line 475, in handle_exception
    self.raise_uncaught_exception(exc)
    ~~~~~~~~~~~~~~~~~~~~~~~~~~~~~^^^^^
  File "/home/mego/.local/lib/python3.13/site-packages/rest_framework/views.py", line 486, in raise_uncaught_exception
    raise exc
  File "/home/mego/.local/lib/python3.13/site-packages/rest_framework/views.py", line 512, in dispatch
    response = handler(request, *args, **kwargs)
  File "/home/mego/.local/lib/python3.13/site-packages/rest_framework/mixins.py", line 19, in create
    self.perform_create(serializer)
    ~~~~~~~~~~~~~~~~~~~^^^^^^^^^^^^
  File "/home/mego/Python Projects/THE_BOT_platform/backend/chat/views.py", line 63, in perform_create
    room = serializer.save(created_by=self.request.user)
  File "/home/mego/.local/lib/python3.13/site-packages/rest_framework/serializers.py", line 210, in save
    self.instance = self.create(validated_data)
                    ~~~~~~~~~~~^^^^^^^^^^^^^^^^
  File "/home/mego/Python Projects/THE_BOT_platform/backend/chat/serializers.py", line 171, in create
    room = ChatRoom.objects.create(
        created_by=self.context["request"].user, **validated_data
    )
TypeError: django.db.models.query.QuerySet.create() got multiple values for keyword argument 'created_by'
[ERROR] 2026-01-06 22:38:29 django.request log_response:241 - Internal Server Error: /api/accounts/users/
Traceback (most recent call last):
  File "/home/mego/.local/lib/python3.13/site-packages/django/db/backends/utils.py", line 89, in _execute
    return self.cursor.execute(sql, params)
           ~~~~~~~~~~~~~~~~~~~^^^^^^^^^^^^^
  File "/home/mego/.local/lib/python3.13/site-packages/psycopg/cursor.py", line 97, in execute
    raise ex.with_traceback(None)
psycopg.errors.DeadlockDetected: deadlock detected
LINE 1: ...counts_studentprofile"."user_id") LEFT OUTER JOIN "accounts_...
                                                             ^
DETAIL:  Process 846040 waits for AccessShareLock on relation 4658700 of database 4658533; blocked by process 848173.
Process 848173 waits for AccessExclusiveLock on relation 4658678 of database 4658533; blocked by process 846040.
HINT:  See server log for query details.

The above exception was the direct cause of the following exception:

Traceback (most recent call last):
  File "/home/mego/.local/lib/python3.13/site-packages/django/core/handlers/exception.py", line 55, in inner
    response = get_response(request)
  File "/home/mego/.local/lib/python3.13/site-packages/django/core/handlers/base.py", line 197, in _get_response
    response = wrapped_callback(request, *callback_args, **callback_kwargs)
  File "/home/mego/.local/lib/python3.13/site-packages/django/views/decorators/csrf.py", line 56, in wrapper_view
    return view_func(*args, **kwargs)
  File "/home/mego/.local/lib/python3.13/site-packages/django/views/generic/base.py", line 104, in view
    return self.dispatch(request, *args, **kwargs)
           ~~~~~~~~~~~~~^^^^^^^^^^^^^^^^^^^^^^^^^^
  File "/home/mego/.local/lib/python3.13/site-packages/rest_framework/views.py", line 515, in dispatch
    response = self.handle_exception(exc)
  File "/home/mego/.local/lib/python3.13/site-packages/rest_framework/views.py", line 475, in handle_exception
    self.raise_uncaught_exception(exc)
    ~~~~~~~~~~~~~~~~~~~~~~~~~~~~~^^^^^
  File "/home/mego/.local/lib/python3.13/site-packages/rest_framework/views.py", line 486, in raise_uncaught_exception
    raise exc
  File "/home/mego/.local/lib/python3.13/site-packages/rest_framework/views.py", line 512, in dispatch
    response = handler(request, *args, **kwargs)
  File "/home/mego/.local/lib/python3.13/site-packages/rest_framework/decorators.py", line 50, in handler
    return func(*args, **kwargs)
  File "/home/mego/Python Projects/THE_BOT_platform/backend/accounts/views.py", line 596, in list_users
    f"[list_users] Retrieved {len(serializer.data)} users (role filter: {role})"
                                  ^^^^^^^^^^^^^^^
  File "/home/mego/.local/lib/python3.13/site-packages/rest_framework/serializers.py", line 797, in data
    ret = super().data
          ^^^^^^^^^^^^
  File "/home/mego/.local/lib/python3.13/site-packages/rest_framework/serializers.py", line 251, in data
    self._data = self.to_representation(self.instance)
                 ~~~~~~~~~~~~~~~~~~~~~~^^^^^^^^^^^^^^^
  File "/home/mego/.local/lib/python3.13/site-packages/rest_framework/serializers.py", line 716, in to_representation
    self.child.to_representation(item) for item in iterable
                                                   ^^^^^^^^
  File "/home/mego/.local/lib/python3.13/site-packages/django/db/models/query.py", line 398, in __iter__
    self._fetch_all()
    ~~~~~~~~~~~~~~~^^
  File "/home/mego/.local/lib/python3.13/site-packages/django/db/models/query.py", line 1881, in _fetch_all
    self._result_cache = list(self._iterable_class(self))
                         ~~~~^^^^^^^^^^^^^^^^^^^^^^^^^^^^
  File "/home/mego/.local/lib/python3.13/site-packages/django/db/models/query.py", line 91, in __iter__
    results = compiler.execute_sql(
        chunked_fetch=self.chunked_fetch, chunk_size=self.chunk_size
    )
  File "/home/mego/.local/lib/python3.13/site-packages/django/db/models/sql/compiler.py", line 1562, in execute_sql
    cursor.execute(sql, params)
    ~~~~~~~~~~~~~~^^^^^^^^^^^^^
  File "/home/mego/.local/lib/python3.13/site-packages/django/db/backends/utils.py", line 67, in execute
    return self._execute_with_wrappers(
           ~~~~~~~~~~~~~~~~~~~~~~~~~~~^
        sql, params, many=False, executor=self._execute
        ^^^^^^^^^^^^^^^^^^^^^^^^^^^^^^^^^^^^^^^^^^^^^^^
    )
    ^
  File "/home/mego/.local/lib/python3.13/site-packages/django/db/backends/utils.py", line 80, in _execute_with_wrappers
    return executor(sql, params, many, context)
  File "/home/mego/.local/lib/python3.13/site-packages/django/db/backends/utils.py", line 84, in _execute
    with self.db.wrap_database_errors:
         ^^^^^^^^^^^^^^^^^^^^^^^^^^^^
  File "/home/mego/.local/lib/python3.13/site-packages/django/db/utils.py", line 91, in __exit__
    raise dj_exc_value.with_traceback(traceback) from exc_value
  File "/home/mego/.local/lib/python3.13/site-packages/django/db/backends/utils.py", line 89, in _execute
    return self.cursor.execute(sql, params)
           ~~~~~~~~~~~~~~~~~~~^^^^^^^^^^^^^
  File "/home/mego/.local/lib/python3.13/site-packages/psycopg/cursor.py", line 97, in execute
    raise ex.with_traceback(None)
django.db.utils.OperationalError: deadlock detected
LINE 1: ...counts_studentprofile"."user_id") LEFT OUTER JOIN "accounts_...
                                                             ^
DETAIL:  Process 846040 waits for AccessShareLock on relation 4658700 of database 4658533; blocked by process 848173.
Process 848173 waits for AccessExclusiveLock on relation 4658678 of database 4658533; blocked by process 846040.
HINT:  See server log for query details.
[ERROR] 2026-01-06 22:39:14 django.request log_response:241 - Internal Server Error: /api/chat/rooms/
Traceback (most recent call last):
  File "/home/mego/.local/lib/python3.13/site-packages/django/core/handlers/exception.py", line 55, in inner
    response = get_response(request)
  File "/home/mego/.local/lib/python3.13/site-packages/django/core/handlers/base.py", line 197, in _get_response
    response = wrapped_callback(request, *callback_args, **callback_kwargs)
  File "/home/mego/.local/lib/python3.13/site-packages/django/views/decorators/csrf.py", line 56, in wrapper_view
    return view_func(*args, **kwargs)
  File "/home/mego/.local/lib/python3.13/site-packages/rest_framework/viewsets.py", line 125, in view
    return self.dispatch(request, *args, **kwargs)
           ~~~~~~~~~~~~~^^^^^^^^^^^^^^^^^^^^^^^^^^
  File "/home/mego/.local/lib/python3.13/site-packages/rest_framework/views.py", line 515, in dispatch
    response = self.handle_exception(exc)
  File "/home/mego/.local/lib/python3.13/site-packages/rest_framework/views.py", line 475, in handle_exception
    self.raise_uncaught_exception(exc)
    ~~~~~~~~~~~~~~~~~~~~~~~~~~~~~^^^^^
  File "/home/mego/.local/lib/python3.13/site-packages/rest_framework/views.py", line 486, in raise_uncaught_exception
    raise exc
  File "/home/mego/.local/lib/python3.13/site-packages/rest_framework/views.py", line 512, in dispatch
    response = handler(request, *args, **kwargs)
  File "/home/mego/.local/lib/python3.13/site-packages/rest_framework/mixins.py", line 19, in create
    self.perform_create(serializer)
    ~~~~~~~~~~~~~~~~~~~^^^^^^^^^^^^
  File "/home/mego/Python Projects/THE_BOT_platform/backend/chat/views.py", line 63, in perform_create
    room = serializer.save(created_by=self.request.user)
  File "/home/mego/.local/lib/python3.13/site-packages/rest_framework/serializers.py", line 210, in save
    self.instance = self.create(validated_data)
                    ~~~~~~~~~~~^^^^^^^^^^^^^^^^
  File "/home/mego/Python Projects/THE_BOT_platform/backend/chat/serializers.py", line 171, in create
    room = ChatRoom.objects.create(
        created_by=self.context["request"].user, **validated_data
    )
TypeError: django.db.models.query.QuerySet.create() got multiple values for keyword argument 'created_by'
[ERROR] 2026-01-06 22:39:45 django.request log_response:241 - Internal Server Error: /api/chat/rooms/
Traceback (most recent call last):
  File "/home/mego/.local/lib/python3.13/site-packages/django/core/handlers/exception.py", line 55, in inner
    response = get_response(request)
  File "/home/mego/.local/lib/python3.13/site-packages/django/core/handlers/base.py", line 197, in _get_response
    response = wrapped_callback(request, *callback_args, **callback_kwargs)
  File "/home/mego/.local/lib/python3.13/site-packages/django/views/decorators/csrf.py", line 56, in wrapper_view
    return view_func(*args, **kwargs)
  File "/home/mego/.local/lib/python3.13/site-packages/rest_framework/viewsets.py", line 125, in view
    return self.dispatch(request, *args, **kwargs)
           ~~~~~~~~~~~~~^^^^^^^^^^^^^^^^^^^^^^^^^^
  File "/home/mego/.local/lib/python3.13/site-packages/rest_framework/views.py", line 515, in dispatch
    response = self.handle_exception(exc)
  File "/home/mego/.local/lib/python3.13/site-packages/rest_framework/views.py", line 475, in handle_exception
    self.raise_uncaught_exception(exc)
    ~~~~~~~~~~~~~~~~~~~~~~~~~~~~~^^^^^
  File "/home/mego/.local/lib/python3.13/site-packages/rest_framework/views.py", line 486, in raise_uncaught_exception
    raise exc
  File "/home/mego/.local/lib/python3.13/site-packages/rest_framework/views.py", line 512, in dispatch
    response = handler(request, *args, **kwargs)
  File "/home/mego/.local/lib/python3.13/site-packages/rest_framework/mixins.py", line 19, in create
    self.perform_create(serializer)
    ~~~~~~~~~~~~~~~~~~~^^^^^^^^^^^^
  File "/home/mego/Python Projects/THE_BOT_platform/backend/chat/views.py", line 63, in perform_create
    room = serializer.save(created_by=self.request.user)
  File "/home/mego/.local/lib/python3.13/site-packages/rest_framework/serializers.py", line 210, in save
    self.instance = self.create(validated_data)
                    ~~~~~~~~~~~^^^^^^^^^^^^^^^^
  File "/home/mego/Python Projects/THE_BOT_platform/backend/chat/serializers.py", line 171, in create
    room = ChatRoom.objects.create(
        created_by=self.context["request"].user, **validated_data
    )
TypeError: django.db.models.query.QuerySet.create() got multiple values for keyword argument 'created_by'
